This file contains any messages produced by compilers while
running configure, to aid debugging if configure makes a mistake.

It was created by i3lock configure 2.10, which was
generated by GNU Autoconf 2.71.  Invocation command line was

  $ ../configure --prefix=/usr --sysconfdir=/etc --disable-sanitizers

## --------- ##
## Platform. ##
## --------- ##

hostname = adrien-pc
uname -m = x86_64
uname -r = 5.13.19-2-MANJARO
uname -s = Linux
uname -v = #1 SMP PREEMPT Sun Sep 19 21:31:53 UTC 2021

/usr/bin/uname -p = unknown
/bin/uname -X     = unknown

/bin/arch              = unknown
/usr/bin/arch -k       = unknown
/usr/convex/getsysinfo = unknown
/usr/bin/hostinfo      = unknown
/bin/machine           = unknown
/usr/bin/oslevel       = unknown
/bin/universe          = unknown

PATH: /home/adrien/.opam/default/bin/
PATH: /home/adrien/.local/bin/
PATH: /usr/local/bin/
PATH: /usr/bin/
PATH: /bin/
PATH: /usr/local/sbin/
PATH: /usr/bin/site_perl/
PATH: /usr/bin/vendor_perl/
PATH: /usr/bin/core_perl/
PATH: /var/lib/snapd/snap/bin/


## ----------- ##
## Core tests. ##
## ----------- ##

configure:2563: looking for aux files: ar-lib compile missing install-sh config.guess config.sub
configure:2576:  trying ../
configure:2605:   ../ar-lib found
configure:2605:   ../compile found
configure:2605:   ../missing found
configure:2587:   ../install-sh found
configure:2605:   ../config.guess found
configure:2605:   ../config.sub found
configure:2724: checking build system type
configure:2739: result: x86_64-pc-linux-gnu
configure:2759: checking host system type
configure:2773: result: x86_64-pc-linux-gnu
configure:2793: checking target system type
configure:2807: result: x86_64-pc-linux-gnu
configure:2897: checking for gsed
configure:2933: result: sed
configure:2961: checking for a BSD-compatible install
configure:3034: result: /usr/bin/install -c
configure:3045: checking whether build environment is sane
configure:3100: result: yes
configure:3255: checking for a race-free mkdir -p
configure:3299: result: /usr/bin/mkdir -p
configure:3306: checking for gawk
configure:3327: found /usr/bin/gawk
configure:3338: result: gawk
configure:3349: checking whether make sets $(MAKE)
configure:3372: result: yes
configure:3402: checking whether make supports nested variables
configure:3420: result: yes
configure:3569: checking whether make supports nested variables
configure:3587: result: yes
configure:3601: checking whether to enable maintainer-specific portions of Makefiles
configure:3611: result: yes
configure:3638: checking for gawk
configure:3670: result: gawk
configure:3681: checking for GNU make
configure:3698: result: make
configure:3773: checking for a sed that does not truncate output
configure:3843: result: /usr/bin/sed
configure:3862: checking whether to build with code coverage support
configure:3883: result: no
configure:4272: checking whether to enable debugging
configure:4306: result: yes
configure:4386: checking whether make supports the include directive
configure:4401: make -f confmf.GNU && cat confinc.out
this is the am__doit target
configure:4404: $? = 0
configure:4423: result: yes (GNU style)
configure:4499: checking for gcc
configure:4520: found /usr/bin/gcc
configure:4531: result: gcc
configure:4884: checking for C compiler version
configure:4893: gcc --version >&5
gcc (GCC) 11.1.0
Copyright (C) 2021 Free Software Foundation, Inc.
This is free software; see the source for copying conditions.  There is NO
warranty; not even for MERCHANTABILITY or FITNESS FOR A PARTICULAR PURPOSE.

configure:4904: $? = 0
configure:4893: gcc -v >&5
Using built-in specs.
COLLECT_GCC=gcc
COLLECT_LTO_WRAPPER=/usr/lib/gcc/x86_64-pc-linux-gnu/11.1.0/lto-wrapper
Target: x86_64-pc-linux-gnu
Configured with: /build/gcc/src/gcc/configure --prefix=/usr --libdir=/usr/lib --libexecdir=/usr/lib --mandir=/usr/share/man --infodir=/usr/share/info --with-bugurl=https://bugs.archlinux.org/ --enable-languages=c,c++,ada,fortran,go,lto,objc,obj-c++,d --with-isl --with-linker-hash-style=gnu --with-system-zlib --enable-__cxa_atexit --enable-cet=auto --enable-checking=release --enable-clocale=gnu --enable-default-pie --enable-default-ssp --enable-gnu-indirect-function --enable-gnu-unique-object --enable-install-libiberty --enable-linker-build-id --enable-lto --enable-multilib --enable-plugin --enable-shared --enable-threads=posix --disable-libssp --disable-libstdcxx-pch --disable-libunwind-exceptions --disable-werror gdc_include_dir=/usr/include/dlang/gdc
Thread model: posix
Supported LTO compression algorithms: zlib zstd
gcc version 11.1.0 (GCC) 
configure:4904: $? = 0
configure:4893: gcc -V >&5
gcc: error: unrecognized command-line option '-V'
gcc: fatal error: no input files
compilation terminated.
configure:4904: $? = 1
configure:4893: gcc -qversion >&5
gcc: error: unrecognized command-line option '-qversion'; did you mean '--version'?
gcc: fatal error: no input files
compilation terminated.
configure:4904: $? = 1
configure:4893: gcc -version >&5
gcc: error: unrecognized command-line option '-version'
gcc: fatal error: no input files
compilation terminated.
configure:4904: $? = 1
configure:4924: checking whether the C compiler works
configure:4946: gcc  -g -O0   conftest.c  >&5
configure:4950: $? = 0
configure:5000: result: yes
configure:5003: checking for C compiler default output file name
configure:5005: result: a.out
configure:5011: checking for suffix of executables
configure:5018: gcc -o conftest  -g -O0   conftest.c  >&5
configure:5022: $? = 0
configure:5045: result: 
configure:5067: checking whether we are cross compiling
configure:5075: gcc -o conftest  -g -O0   conftest.c  >&5
configure:5079: $? = 0
configure:5086: ./conftest
configure:5090: $? = 0
configure:5105: result: no
configure:5110: checking for suffix of object files
configure:5133: gcc -c  -g -O0  conftest.c >&5
configure:5137: $? = 0
configure:5159: result: o
configure:5163: checking whether the compiler supports GNU C
configure:5183: gcc -c  -g -O0  conftest.c >&5
configure:5183: $? = 0
configure:5193: result: yes
configure:5204: checking whether gcc accepts -g
configure:5225: gcc -c -g  conftest.c >&5
configure:5225: $? = 0
configure:5269: result: yes
configure:5289: checking for gcc option to enable C11 features
configure:5304: gcc  -c  -g -O0  conftest.c >&5
configure:5304: $? = 0
configure:5322: result: none needed
configure:5438: checking whether gcc understands -c and -o together
configure:5461: gcc -c conftest.c -o conftest2.o
configure:5464: $? = 0
configure:5461: gcc -c conftest.c -o conftest2.o
configure:5464: $? = 0
configure:5476: result: yes
configure:5495: checking dependency style of gcc
configure:5607: result: gcc3
configure:5630: checking for stdio.h
configure:5630: gcc -c  -g -O0  conftest.c >&5
configure:5630: $? = 0
configure:5630: result: yes
configure:5630: checking for stdlib.h
configure:5630: gcc -c  -g -O0  conftest.c >&5
configure:5630: $? = 0
configure:5630: result: yes
configure:5630: checking for string.h
configure:5630: gcc -c  -g -O0  conftest.c >&5
configure:5630: $? = 0
configure:5630: result: yes
configure:5630: checking for inttypes.h
configure:5630: gcc -c  -g -O0  conftest.c >&5
configure:5630: $? = 0
configure:5630: result: yes
configure:5630: checking for stdint.h
configure:5630: gcc -c  -g -O0  conftest.c >&5
configure:5630: $? = 0
configure:5630: result: yes
configure:5630: checking for strings.h
configure:5630: gcc -c  -g -O0  conftest.c >&5
configure:5630: $? = 0
configure:5630: result: yes
configure:5630: checking for sys/stat.h
configure:5630: gcc -c  -g -O0  conftest.c >&5
configure:5630: $? = 0
configure:5630: result: yes
configure:5630: checking for sys/types.h
configure:5630: gcc -c  -g -O0  conftest.c >&5
configure:5630: $? = 0
configure:5630: result: yes
configure:5630: checking for unistd.h
configure:5630: gcc -c  -g -O0  conftest.c >&5
configure:5630: $? = 0
configure:5630: result: yes
configure:5630: checking for wchar.h
configure:5630: gcc -c  -g -O0  conftest.c >&5
configure:5630: $? = 0
configure:5630: result: yes
configure:5630: checking for minix/config.h
configure:5630: gcc -c  -g -O0  conftest.c >&5
conftest.c:50:10: fatal error: minix/config.h: No such file or directory
   50 | #include <minix/config.h>
      |          ^~~~~~~~~~~~~~~~
compilation terminated.
configure:5630: $? = 1
configure: failed program was:
| /* confdefs.h */
| #define PACKAGE_NAME "i3lock"
| #define PACKAGE_TARNAME "i3lock"
| #define PACKAGE_VERSION "2.10"
| #define PACKAGE_STRING "i3lock 2.10"
| #define PACKAGE_BUGREPORT "https://github.com/i3/i3lock/issues"
| #define PACKAGE_URL ""
| #define PACKAGE "i3lock"
| #define VERSION "2.10"
| #define I3LOCK_VERSION "2.8-127-g8ae4906 (2019-11-16, branch \"master\")"
| #define HAVE_STDIO_H 1
| #define HAVE_STDLIB_H 1
| #define HAVE_STRING_H 1
| #define HAVE_INTTYPES_H 1
| #define HAVE_STDINT_H 1
| #define HAVE_STRINGS_H 1
| #define HAVE_SYS_STAT_H 1
| #define HAVE_SYS_TYPES_H 1
| #define HAVE_UNISTD_H 1
| #define HAVE_WCHAR_H 1
| /* end confdefs.h.  */
| #include <stddef.h>
| #ifdef HAVE_STDIO_H
| # include <stdio.h>
| #endif
| #ifdef HAVE_STDLIB_H
| # include <stdlib.h>
| #endif
| #ifdef HAVE_STRING_H
| # include <string.h>
| #endif
| #ifdef HAVE_INTTYPES_H
| # include <inttypes.h>
| #endif
| #ifdef HAVE_STDINT_H
| # include <stdint.h>
| #endif
| #ifdef HAVE_STRINGS_H
| # include <strings.h>
| #endif
| #ifdef HAVE_SYS_TYPES_H
| # include <sys/types.h>
| #endif
| #ifdef HAVE_SYS_STAT_H
| # include <sys/stat.h>
| #endif
| #ifdef HAVE_UNISTD_H
| # include <unistd.h>
| #endif
| #include <minix/config.h>
configure:5630: result: no
configure:5630: checking for vfork.h
configure:5630: gcc -c  -g -O0  conftest.c >&5
conftest.c:50:10: fatal error: vfork.h: No such file or directory
   50 | #include <vfork.h>
      |          ^~~~~~~~~
compilation terminated.
configure:5630: $? = 1
configure: failed program was:
| /* confdefs.h */
| #define PACKAGE_NAME "i3lock"
| #define PACKAGE_TARNAME "i3lock"
| #define PACKAGE_VERSION "2.10"
| #define PACKAGE_STRING "i3lock 2.10"
| #define PACKAGE_BUGREPORT "https://github.com/i3/i3lock/issues"
| #define PACKAGE_URL ""
| #define PACKAGE "i3lock"
| #define VERSION "2.10"
| #define I3LOCK_VERSION "2.8-127-g8ae4906 (2019-11-16, branch \"master\")"
| #define HAVE_STDIO_H 1
| #define HAVE_STDLIB_H 1
| #define HAVE_STRING_H 1
| #define HAVE_INTTYPES_H 1
| #define HAVE_STDINT_H 1
| #define HAVE_STRINGS_H 1
| #define HAVE_SYS_STAT_H 1
| #define HAVE_SYS_TYPES_H 1
| #define HAVE_UNISTD_H 1
| #define HAVE_WCHAR_H 1
| /* end confdefs.h.  */
| #include <stddef.h>
| #ifdef HAVE_STDIO_H
| # include <stdio.h>
| #endif
| #ifdef HAVE_STDLIB_H
| # include <stdlib.h>
| #endif
| #ifdef HAVE_STRING_H
| # include <string.h>
| #endif
| #ifdef HAVE_INTTYPES_H
| # include <inttypes.h>
| #endif
| #ifdef HAVE_STDINT_H
| # include <stdint.h>
| #endif
| #ifdef HAVE_STRINGS_H
| # include <strings.h>
| #endif
| #ifdef HAVE_SYS_TYPES_H
| # include <sys/types.h>
| #endif
| #ifdef HAVE_SYS_STAT_H
| # include <sys/stat.h>
| #endif
| #ifdef HAVE_UNISTD_H
| # include <unistd.h>
| #endif
| #include <vfork.h>
configure:5630: result: no
configure:5661: checking whether it is safe to define __EXTENSIONS__
configure:5680: gcc -c  -g -O0  conftest.c >&5
configure:5680: $? = 0
configure:5688: result: yes
configure:5691: checking whether _XOPEN_SOURCE should be defined
configure:5713: gcc -c  -g -O0  conftest.c >&5
configure:5713: $? = 0
configure:5740: result: no
configure:5798: checking for _Bool
configure:5798: gcc -c  -g -O0  conftest.c >&5
configure:5798: $? = 0
configure:5798: gcc -c  -g -O0  conftest.c >&5
conftest.c: In function 'main':
conftest.c:70:20: error: expected expression before ')' token
   70 | if (sizeof ((_Bool)))
      |                    ^
configure:5798: $? = 1
configure: failed program was:
| /* confdefs.h */
| #define PACKAGE_NAME "i3lock"
| #define PACKAGE_TARNAME "i3lock"
| #define PACKAGE_VERSION "2.10"
| #define PACKAGE_STRING "i3lock 2.10"
| #define PACKAGE_BUGREPORT "https://github.com/i3/i3lock/issues"
| #define PACKAGE_URL ""
| #define PACKAGE "i3lock"
| #define VERSION "2.10"
| #define I3LOCK_VERSION "2.8-127-g8ae4906 (2019-11-16, branch \"master\")"
| #define HAVE_STDIO_H 1
| #define HAVE_STDLIB_H 1
| #define HAVE_STRING_H 1
| #define HAVE_INTTYPES_H 1
| #define HAVE_STDINT_H 1
| #define HAVE_STRINGS_H 1
| #define HAVE_SYS_STAT_H 1
| #define HAVE_SYS_TYPES_H 1
| #define HAVE_UNISTD_H 1
| #define HAVE_WCHAR_H 1
| #define STDC_HEADERS 1
| #define _ALL_SOURCE 1
| #define _DARWIN_C_SOURCE 1
| #define _GNU_SOURCE 1
| #define _HPUX_ALT_XOPEN_SOCKET_API 1
| #define _NETBSD_SOURCE 1
| #define _OPENBSD_SOURCE 1
| #define _POSIX_PTHREAD_SEMANTICS 1
| #define __STDC_WANT_IEC_60559_ATTRIBS_EXT__ 1
| #define __STDC_WANT_IEC_60559_BFP_EXT__ 1
| #define __STDC_WANT_IEC_60559_DFP_EXT__ 1
| #define __STDC_WANT_IEC_60559_FUNCS_EXT__ 1
| #define __STDC_WANT_IEC_60559_TYPES_EXT__ 1
| #define __STDC_WANT_LIB_EXT2__ 1
| #define __STDC_WANT_MATH_SPEC_FUNCS__ 1
| #define _TANDEM_SOURCE 1
| #define __EXTENSIONS__ 1
| /* end confdefs.h.  */
| #include <stddef.h>
| #ifdef HAVE_STDIO_H
| # include <stdio.h>
| #endif
| #ifdef HAVE_STDLIB_H
| # include <stdlib.h>
| #endif
| #ifdef HAVE_STRING_H
| # include <string.h>
| #endif
| #ifdef HAVE_INTTYPES_H
| # include <inttypes.h>
| #endif
| #ifdef HAVE_STDINT_H
| # include <stdint.h>
| #endif
| #ifdef HAVE_STRINGS_H
| # include <strings.h>
| #endif
| #ifdef HAVE_SYS_TYPES_H
| # include <sys/types.h>
| #endif
| #ifdef HAVE_SYS_STAT_H
| # include <sys/stat.h>
| #endif
| #ifdef HAVE_UNISTD_H
| # include <unistd.h>
| #endif
| int
| main (void)
| {
| if (sizeof ((_Bool)))
| 	    return 0;
|   ;
|   return 0;
| }
configure:5798: result: yes
configure:5807: checking for stdbool.h that conforms to C99
configure:5923: gcc -c  -g -O0  conftest.c >&5
configure:5923: $? = 0
configure:5931: result: yes
configure:5934: checking for mode_t
configure:5934: gcc -c  -g -O0  conftest.c >&5
configure:5934: $? = 0
configure:5934: gcc -c  -g -O0  conftest.c >&5
conftest.c: In function 'main':
conftest.c:71:21: error: expected expression before ')' token
   71 | if (sizeof ((mode_t)))
      |                     ^
configure:5934: $? = 1
configure: failed program was:
| /* confdefs.h */
| #define PACKAGE_NAME "i3lock"
| #define PACKAGE_TARNAME "i3lock"
| #define PACKAGE_VERSION "2.10"
| #define PACKAGE_STRING "i3lock 2.10"
| #define PACKAGE_BUGREPORT "https://github.com/i3/i3lock/issues"
| #define PACKAGE_URL ""
| #define PACKAGE "i3lock"
| #define VERSION "2.10"
| #define I3LOCK_VERSION "2.8-127-g8ae4906 (2019-11-16, branch \"master\")"
| #define HAVE_STDIO_H 1
| #define HAVE_STDLIB_H 1
| #define HAVE_STRING_H 1
| #define HAVE_INTTYPES_H 1
| #define HAVE_STDINT_H 1
| #define HAVE_STRINGS_H 1
| #define HAVE_SYS_STAT_H 1
| #define HAVE_SYS_TYPES_H 1
| #define HAVE_UNISTD_H 1
| #define HAVE_WCHAR_H 1
| #define STDC_HEADERS 1
| #define _ALL_SOURCE 1
| #define _DARWIN_C_SOURCE 1
| #define _GNU_SOURCE 1
| #define _HPUX_ALT_XOPEN_SOCKET_API 1
| #define _NETBSD_SOURCE 1
| #define _OPENBSD_SOURCE 1
| #define _POSIX_PTHREAD_SEMANTICS 1
| #define __STDC_WANT_IEC_60559_ATTRIBS_EXT__ 1
| #define __STDC_WANT_IEC_60559_BFP_EXT__ 1
| #define __STDC_WANT_IEC_60559_DFP_EXT__ 1
| #define __STDC_WANT_IEC_60559_FUNCS_EXT__ 1
| #define __STDC_WANT_IEC_60559_TYPES_EXT__ 1
| #define __STDC_WANT_LIB_EXT2__ 1
| #define __STDC_WANT_MATH_SPEC_FUNCS__ 1
| #define _TANDEM_SOURCE 1
| #define __EXTENSIONS__ 1
| #define HAVE__BOOL 1
| /* end confdefs.h.  */
| #include <stddef.h>
| #ifdef HAVE_STDIO_H
| # include <stdio.h>
| #endif
| #ifdef HAVE_STDLIB_H
| # include <stdlib.h>
| #endif
| #ifdef HAVE_STRING_H
| # include <string.h>
| #endif
| #ifdef HAVE_INTTYPES_H
| # include <inttypes.h>
| #endif
| #ifdef HAVE_STDINT_H
| # include <stdint.h>
| #endif
| #ifdef HAVE_STRINGS_H
| # include <strings.h>
| #endif
| #ifdef HAVE_SYS_TYPES_H
| # include <sys/types.h>
| #endif
| #ifdef HAVE_SYS_STAT_H
| # include <sys/stat.h>
| #endif
| #ifdef HAVE_UNISTD_H
| # include <unistd.h>
| #endif
| int
| main (void)
| {
| if (sizeof ((mode_t)))
| 	    return 0;
|   ;
|   return 0;
| }
configure:5934: result: yes
configure:5947: checking for off_t
configure:5947: gcc -c  -g -O0  conftest.c >&5
configure:5947: $? = 0
configure:5947: gcc -c  -g -O0  conftest.c >&5
conftest.c: In function 'main':
conftest.c:72:20: error: expected expression before ')' token
   72 | if (sizeof ((off_t)))
      |                    ^
configure:5947: $? = 1
configure: failed program was:
| /* confdefs.h */
| #define PACKAGE_NAME "i3lock"
| #define PACKAGE_TARNAME "i3lock"
| #define PACKAGE_VERSION "2.10"
| #define PACKAGE_STRING "i3lock 2.10"
| #define PACKAGE_BUGREPORT "https://github.com/i3/i3lock/issues"
| #define PACKAGE_URL ""
| #define PACKAGE "i3lock"
| #define VERSION "2.10"
| #define I3LOCK_VERSION "2.8-127-g8ae4906 (2019-11-16, branch \"master\")"
| #define HAVE_STDIO_H 1
| #define HAVE_STDLIB_H 1
| #define HAVE_STRING_H 1
| #define HAVE_INTTYPES_H 1
| #define HAVE_STDINT_H 1
| #define HAVE_STRINGS_H 1
| #define HAVE_SYS_STAT_H 1
| #define HAVE_SYS_TYPES_H 1
| #define HAVE_UNISTD_H 1
| #define HAVE_WCHAR_H 1
| #define STDC_HEADERS 1
| #define _ALL_SOURCE 1
| #define _DARWIN_C_SOURCE 1
| #define _GNU_SOURCE 1
| #define _HPUX_ALT_XOPEN_SOCKET_API 1
| #define _NETBSD_SOURCE 1
| #define _OPENBSD_SOURCE 1
| #define _POSIX_PTHREAD_SEMANTICS 1
| #define __STDC_WANT_IEC_60559_ATTRIBS_EXT__ 1
| #define __STDC_WANT_IEC_60559_BFP_EXT__ 1
| #define __STDC_WANT_IEC_60559_DFP_EXT__ 1
| #define __STDC_WANT_IEC_60559_FUNCS_EXT__ 1
| #define __STDC_WANT_IEC_60559_TYPES_EXT__ 1
| #define __STDC_WANT_LIB_EXT2__ 1
| #define __STDC_WANT_MATH_SPEC_FUNCS__ 1
| #define _TANDEM_SOURCE 1
| #define __EXTENSIONS__ 1
| #define HAVE__BOOL 1
| #define HAVE_MODE_T 1
| /* end confdefs.h.  */
| #include <stddef.h>
| #ifdef HAVE_STDIO_H
| # include <stdio.h>
| #endif
| #ifdef HAVE_STDLIB_H
| # include <stdlib.h>
| #endif
| #ifdef HAVE_STRING_H
| # include <string.h>
| #endif
| #ifdef HAVE_INTTYPES_H
| # include <inttypes.h>
| #endif
| #ifdef HAVE_STDINT_H
| # include <stdint.h>
| #endif
| #ifdef HAVE_STRINGS_H
| # include <strings.h>
| #endif
| #ifdef HAVE_SYS_TYPES_H
| # include <sys/types.h>
| #endif
| #ifdef HAVE_SYS_STAT_H
| # include <sys/stat.h>
| #endif
| #ifdef HAVE_UNISTD_H
| # include <unistd.h>
| #endif
| int
| main (void)
| {
| if (sizeof ((off_t)))
| 	    return 0;
|   ;
|   return 0;
| }
configure:5947: result: yes
configure:5960: checking for pid_t
configure:5960: gcc -c  -g -O0  conftest.c >&5
configure:5960: $? = 0
configure:5960: gcc -c  -g -O0  conftest.c >&5
conftest.c: In function 'main':
conftest.c:73:20: error: expected expression before ')' token
   73 | if (sizeof ((pid_t)))
      |                    ^
configure:5960: $? = 1
configure: failed program was:
| /* confdefs.h */
| #define PACKAGE_NAME "i3lock"
| #define PACKAGE_TARNAME "i3lock"
| #define PACKAGE_VERSION "2.10"
| #define PACKAGE_STRING "i3lock 2.10"
| #define PACKAGE_BUGREPORT "https://github.com/i3/i3lock/issues"
| #define PACKAGE_URL ""
| #define PACKAGE "i3lock"
| #define VERSION "2.10"
| #define I3LOCK_VERSION "2.8-127-g8ae4906 (2019-11-16, branch \"master\")"
| #define HAVE_STDIO_H 1
| #define HAVE_STDLIB_H 1
| #define HAVE_STRING_H 1
| #define HAVE_INTTYPES_H 1
| #define HAVE_STDINT_H 1
| #define HAVE_STRINGS_H 1
| #define HAVE_SYS_STAT_H 1
| #define HAVE_SYS_TYPES_H 1
| #define HAVE_UNISTD_H 1
| #define HAVE_WCHAR_H 1
| #define STDC_HEADERS 1
| #define _ALL_SOURCE 1
| #define _DARWIN_C_SOURCE 1
| #define _GNU_SOURCE 1
| #define _HPUX_ALT_XOPEN_SOCKET_API 1
| #define _NETBSD_SOURCE 1
| #define _OPENBSD_SOURCE 1
| #define _POSIX_PTHREAD_SEMANTICS 1
| #define __STDC_WANT_IEC_60559_ATTRIBS_EXT__ 1
| #define __STDC_WANT_IEC_60559_BFP_EXT__ 1
| #define __STDC_WANT_IEC_60559_DFP_EXT__ 1
| #define __STDC_WANT_IEC_60559_FUNCS_EXT__ 1
| #define __STDC_WANT_IEC_60559_TYPES_EXT__ 1
| #define __STDC_WANT_LIB_EXT2__ 1
| #define __STDC_WANT_MATH_SPEC_FUNCS__ 1
| #define _TANDEM_SOURCE 1
| #define __EXTENSIONS__ 1
| #define HAVE__BOOL 1
| #define HAVE_MODE_T 1
| #define HAVE_OFF_T 1
| /* end confdefs.h.  */
| #include <stddef.h>
| #ifdef HAVE_STDIO_H
| # include <stdio.h>
| #endif
| #ifdef HAVE_STDLIB_H
| # include <stdlib.h>
| #endif
| #ifdef HAVE_STRING_H
| # include <string.h>
| #endif
| #ifdef HAVE_INTTYPES_H
| # include <inttypes.h>
| #endif
| #ifdef HAVE_STDINT_H
| # include <stdint.h>
| #endif
| #ifdef HAVE_STRINGS_H
| # include <strings.h>
| #endif
| #ifdef HAVE_SYS_TYPES_H
| # include <sys/types.h>
| #endif
| #ifdef HAVE_SYS_STAT_H
| # include <sys/stat.h>
| #endif
| #ifdef HAVE_UNISTD_H
| # include <unistd.h>
| #endif
| int
| main (void)
| {
| if (sizeof ((pid_t)))
| 	    return 0;
|   ;
|   return 0;
| }
configure:5960: result: yes
configure:5973: checking for size_t
configure:5973: gcc -c  -g -O0  conftest.c >&5
configure:5973: $? = 0
configure:5973: gcc -c  -g -O0  conftest.c >&5
conftest.c: In function 'main':
conftest.c:74:21: error: expected expression before ')' token
   74 | if (sizeof ((size_t)))
      |                     ^
configure:5973: $? = 1
configure: failed program was:
| /* confdefs.h */
| #define PACKAGE_NAME "i3lock"
| #define PACKAGE_TARNAME "i3lock"
| #define PACKAGE_VERSION "2.10"
| #define PACKAGE_STRING "i3lock 2.10"
| #define PACKAGE_BUGREPORT "https://github.com/i3/i3lock/issues"
| #define PACKAGE_URL ""
| #define PACKAGE "i3lock"
| #define VERSION "2.10"
| #define I3LOCK_VERSION "2.8-127-g8ae4906 (2019-11-16, branch \"master\")"
| #define HAVE_STDIO_H 1
| #define HAVE_STDLIB_H 1
| #define HAVE_STRING_H 1
| #define HAVE_INTTYPES_H 1
| #define HAVE_STDINT_H 1
| #define HAVE_STRINGS_H 1
| #define HAVE_SYS_STAT_H 1
| #define HAVE_SYS_TYPES_H 1
| #define HAVE_UNISTD_H 1
| #define HAVE_WCHAR_H 1
| #define STDC_HEADERS 1
| #define _ALL_SOURCE 1
| #define _DARWIN_C_SOURCE 1
| #define _GNU_SOURCE 1
| #define _HPUX_ALT_XOPEN_SOCKET_API 1
| #define _NETBSD_SOURCE 1
| #define _OPENBSD_SOURCE 1
| #define _POSIX_PTHREAD_SEMANTICS 1
| #define __STDC_WANT_IEC_60559_ATTRIBS_EXT__ 1
| #define __STDC_WANT_IEC_60559_BFP_EXT__ 1
| #define __STDC_WANT_IEC_60559_DFP_EXT__ 1
| #define __STDC_WANT_IEC_60559_FUNCS_EXT__ 1
| #define __STDC_WANT_IEC_60559_TYPES_EXT__ 1
| #define __STDC_WANT_LIB_EXT2__ 1
| #define __STDC_WANT_MATH_SPEC_FUNCS__ 1
| #define _TANDEM_SOURCE 1
| #define __EXTENSIONS__ 1
| #define HAVE__BOOL 1
| #define HAVE_MODE_T 1
| #define HAVE_OFF_T 1
| #define HAVE_PID_T 1
| /* end confdefs.h.  */
| #include <stddef.h>
| #ifdef HAVE_STDIO_H
| # include <stdio.h>
| #endif
| #ifdef HAVE_STDLIB_H
| # include <stdlib.h>
| #endif
| #ifdef HAVE_STRING_H
| # include <string.h>
| #endif
| #ifdef HAVE_INTTYPES_H
| # include <inttypes.h>
| #endif
| #ifdef HAVE_STDINT_H
| # include <stdint.h>
| #endif
| #ifdef HAVE_STRINGS_H
| # include <strings.h>
| #endif
| #ifdef HAVE_SYS_TYPES_H
| # include <sys/types.h>
| #endif
| #ifdef HAVE_SYS_STAT_H
| # include <sys/stat.h>
| #endif
| #ifdef HAVE_UNISTD_H
| # include <unistd.h>
| #endif
| int
| main (void)
| {
| if (sizeof ((size_t)))
| 	    return 0;
|   ;
|   return 0;
| }
configure:5973: result: yes
configure:5986: checking for ssize_t
configure:5986: gcc -c  -g -O0  conftest.c >&5
configure:5986: $? = 0
configure:5986: gcc -c  -g -O0  conftest.c >&5
conftest.c: In function 'main':
conftest.c:75:22: error: expected expression before ')' token
   75 | if (sizeof ((ssize_t)))
      |                      ^
configure:5986: $? = 1
configure: failed program was:
| /* confdefs.h */
| #define PACKAGE_NAME "i3lock"
| #define PACKAGE_TARNAME "i3lock"
| #define PACKAGE_VERSION "2.10"
| #define PACKAGE_STRING "i3lock 2.10"
| #define PACKAGE_BUGREPORT "https://github.com/i3/i3lock/issues"
| #define PACKAGE_URL ""
| #define PACKAGE "i3lock"
| #define VERSION "2.10"
| #define I3LOCK_VERSION "2.8-127-g8ae4906 (2019-11-16, branch \"master\")"
| #define HAVE_STDIO_H 1
| #define HAVE_STDLIB_H 1
| #define HAVE_STRING_H 1
| #define HAVE_INTTYPES_H 1
| #define HAVE_STDINT_H 1
| #define HAVE_STRINGS_H 1
| #define HAVE_SYS_STAT_H 1
| #define HAVE_SYS_TYPES_H 1
| #define HAVE_UNISTD_H 1
| #define HAVE_WCHAR_H 1
| #define STDC_HEADERS 1
| #define _ALL_SOURCE 1
| #define _DARWIN_C_SOURCE 1
| #define _GNU_SOURCE 1
| #define _HPUX_ALT_XOPEN_SOCKET_API 1
| #define _NETBSD_SOURCE 1
| #define _OPENBSD_SOURCE 1
| #define _POSIX_PTHREAD_SEMANTICS 1
| #define __STDC_WANT_IEC_60559_ATTRIBS_EXT__ 1
| #define __STDC_WANT_IEC_60559_BFP_EXT__ 1
| #define __STDC_WANT_IEC_60559_DFP_EXT__ 1
| #define __STDC_WANT_IEC_60559_FUNCS_EXT__ 1
| #define __STDC_WANT_IEC_60559_TYPES_EXT__ 1
| #define __STDC_WANT_LIB_EXT2__ 1
| #define __STDC_WANT_MATH_SPEC_FUNCS__ 1
| #define _TANDEM_SOURCE 1
| #define __EXTENSIONS__ 1
| #define HAVE__BOOL 1
| #define HAVE_MODE_T 1
| #define HAVE_OFF_T 1
| #define HAVE_PID_T 1
| #define HAVE_SIZE_T 1
| /* end confdefs.h.  */
| #include <stddef.h>
| #ifdef HAVE_STDIO_H
| # include <stdio.h>
| #endif
| #ifdef HAVE_STDLIB_H
| # include <stdlib.h>
| #endif
| #ifdef HAVE_STRING_H
| # include <string.h>
| #endif
| #ifdef HAVE_INTTYPES_H
| # include <inttypes.h>
| #endif
| #ifdef HAVE_STDINT_H
| # include <stdint.h>
| #endif
| #ifdef HAVE_STRINGS_H
| # include <strings.h>
| #endif
| #ifdef HAVE_SYS_TYPES_H
| # include <sys/types.h>
| #endif
| #ifdef HAVE_SYS_STAT_H
| # include <sys/stat.h>
| #endif
| #ifdef HAVE_UNISTD_H
| # include <unistd.h>
| #endif
| int
| main (void)
| {
| if (sizeof ((ssize_t)))
| 	    return 0;
|   ;
|   return 0;
| }
configure:5986: result: yes
configure:6003: checking for pid_t
configure:6003: result: yes
configure:6044: checking for fork
configure:6044: gcc -o conftest  -g -O0   conftest.c  >&5
conftest.c:61:6: warning: conflicting types for built-in function 'fork'; expected 'int(void)' [-Wbuiltin-declaration-mismatch]
   61 | char fork ();
      |      ^~~~
configure:6044: $? = 0
configure:6044: result: yes
configure:6044: checking for vfork
configure:6044: gcc -o conftest  -g -O0   conftest.c  >&5
configure:6044: $? = 0
configure:6044: result: yes
configure:6057: checking for working fork
configure:6081: gcc -o conftest  -g -O0   conftest.c  >&5
configure:6081: $? = 0
configure:6081: ./conftest
configure:6081: $? = 0
configure:6092: result: yes
configure:6113: checking for working vfork
configure:6242: result: yes
configure:6267: checking whether lstat correctly handles trailing slash
configure:6300: gcc -o conftest  -g -O0   conftest.c  >&5
configure:6300: $? = 0
configure:6300: ./conftest
configure:6300: $? = 0
configure:6318: result: yes
configure:6335: checking for working strnlen
configure:6375: gcc -o conftest  -g -O0   conftest.c  >&5
configure:6375: $? = 0
configure:6375: ./conftest
configure:6375: $? = 0
configure:6386: result: yes
configure:6399: checking for atexit
configure:6399: gcc -o conftest  -g -O0   conftest.c  >&5
configure:6399: $? = 0
configure:6399: result: yes
configure:6399: checking for dup2
configure:6399: gcc -o conftest  -g -O0   conftest.c  >&5
configure:6399: $? = 0
configure:6399: result: yes
configure:6399: checking for ftruncate
configure:6399: gcc -o conftest  -g -O0   conftest.c  >&5
configure:6399: $? = 0
configure:6399: result: yes
configure:6399: checking for getcwd
configure:6399: gcc -o conftest  -g -O0   conftest.c  >&5
configure:6399: $? = 0
configure:6399: result: yes
configure:6399: checking for gettimeofday
configure:6399: gcc -o conftest  -g -O0   conftest.c  >&5
configure:6399: $? = 0
configure:6399: result: yes
configure:6399: checking for localtime_r
configure:6399: gcc -o conftest  -g -O0   conftest.c  >&5
configure:6399: $? = 0
configure:6399: result: yes
configure:6399: checking for memchr
configure:6399: gcc -o conftest  -g -O0   conftest.c  >&5
conftest.c:72:6: warning: conflicting types for built-in function 'memchr'; expected 'void *(const void *, int,  long unsigned int)' [-Wbuiltin-declaration-mismatch]
   72 | char memchr ();
      |      ^~~~~~
conftest.c:64:1: note: 'memchr' is declared in header '<string.h>'
   63 | #include <limits.h>
   64 | #undef memchr
configure:6399: $? = 0
configure:6399: result: yes
configure:6399: checking for memset
configure:6399: gcc -o conftest  -g -O0   conftest.c  >&5
conftest.c:73:6: warning: conflicting types for built-in function 'memset'; expected 'void *(void *, int,  long unsigned int)' [-Wbuiltin-declaration-mismatch]
   73 | char memset ();
      |      ^~~~~~
conftest.c:65:1: note: 'memset' is declared in header '<string.h>'
   64 | #include <limits.h>
   65 | #undef memset
configure:6399: $? = 0
configure:6399: result: yes
configure:6399: checking for mkdir
configure:6399: gcc -o conftest  -g -O0   conftest.c  >&5
configure:6399: $? = 0
configure:6399: result: yes
configure:6399: checking for rmdir
configure:6399: gcc -o conftest  -g -O0   conftest.c  >&5
configure:6399: $? = 0
configure:6399: result: yes
configure:6399: checking for setlocale
configure:6399: gcc -o conftest  -g -O0   conftest.c  >&5
configure:6399: $? = 0
configure:6399: result: yes
configure:6399: checking for socket
configure:6399: gcc -o conftest  -g -O0   conftest.c  >&5
configure:6399: $? = 0
configure:6399: result: yes
configure:6399: checking for strcasecmp
configure:6399: gcc -o conftest  -g -O0   conftest.c  >&5
conftest.c:78:6: warning: conflicting types for built-in function 'strcasecmp'; expected 'int(const char *, const char *)' [-Wbuiltin-declaration-mismatch]
   78 | char strcasecmp ();
      |      ^~~~~~~~~~
configure:6399: $? = 0
configure:6399: result: yes
configure:6399: checking for strchr
configure:6399: gcc -o conftest  -g -O0   conftest.c  >&5
conftest.c:79:6: warning: conflicting types for built-in function 'strchr'; expected 'char *(const char *, int)' [-Wbuiltin-declaration-mismatch]
   79 | char strchr ();
      |      ^~~~~~
conftest.c:71:1: note: 'strchr' is declared in header '<string.h>'
   70 | #include <limits.h>
   71 | #undef strchr
configure:6399: $? = 0
configure:6399: result: yes
configure:6399: checking for strdup
configure:6399: gcc -o conftest  -g -O0   conftest.c  >&5
conftest.c:80:6: warning: conflicting types for built-in function 'strdup'; expected 'char *(const char *)' [-Wbuiltin-declaration-mismatch]
   80 | char strdup ();
      |      ^~~~~~
configure:6399: $? = 0
configure:6399: result: yes
configure:6399: checking for strerror
configure:6399: gcc -o conftest  -g -O0   conftest.c  >&5
configure:6399: $? = 0
configure:6399: result: yes
configure:6399: checking for strncasecmp
configure:6399: gcc -o conftest  -g -O0   conftest.c  >&5
conftest.c:82:6: warning: conflicting types for built-in function 'strncasecmp'; expected 'int(const char *, const char *, long unsigned int)' [-Wbuiltin-declaration-mismatch]
   82 | char strncasecmp ();
      |      ^~~~~~~~~~~
configure:6399: $? = 0
configure:6399: result: yes
configure:6399: checking for strndup
configure:6399: gcc -o conftest  -g -O0   conftest.c  >&5
conftest.c:83:6: warning: conflicting types for built-in function 'strndup'; expected 'char *(const char *, long unsigned int)' [-Wbuiltin-declaration-mismatch]
   83 | char strndup ();
      |      ^~~~~~~
configure:6399: $? = 0
configure:6399: result: yes
configure:6399: checking for strrchr
configure:6399: gcc -o conftest  -g -O0   conftest.c  >&5
conftest.c:84:6: warning: conflicting types for built-in function 'strrchr'; expected 'char *(const char *, int)' [-Wbuiltin-declaration-mismatch]
   84 | char strrchr ();
      |      ^~~~~~~
conftest.c:76:1: note: 'strrchr' is declared in header '<string.h>'
   75 | #include <limits.h>
   76 | #undef strrchr
configure:6399: $? = 0
configure:6399: result: yes
configure:6399: checking for strspn
configure:6399: gcc -o conftest  -g -O0   conftest.c  >&5
conftest.c:85:6: warning: conflicting types for built-in function 'strspn'; expected 'long unsigned int(const char *, const char *)' [-Wbuiltin-declaration-mismatch]
   85 | char strspn ();
      |      ^~~~~~
conftest.c:77:1: note: 'strspn' is declared in header '<string.h>'
   76 | #include <limits.h>
   77 | #undef strspn
configure:6399: $? = 0
configure:6399: result: yes
configure:6399: checking for strstr
configure:6399: gcc -o conftest  -g -O0   conftest.c  >&5
conftest.c:86:6: warning: conflicting types for built-in function 'strstr'; expected 'char *(const char *, const char *)' [-Wbuiltin-declaration-mismatch]
   86 | char strstr ();
      |      ^~~~~~
conftest.c:78:1: note: 'strstr' is declared in header '<string.h>'
   77 | #include <limits.h>
   78 | #undef strstr
configure:6399: $? = 0
configure:6399: result: yes
configure:6399: checking for strtol
configure:6399: gcc -o conftest  -g -O0   conftest.c  >&5
configure:6399: $? = 0
configure:6399: result: yes
configure:6399: checking for strtoul
configure:6399: gcc -o conftest  -g -O0   conftest.c  >&5
configure:6399: $? = 0
configure:6399: result: yes
configure:6417: checking for library containing floor
configure:6447: gcc -o conftest  -g -O0   conftest.c  >&5
conftest.c:77:6: warning: conflicting types for built-in function 'floor'; expected 'double(double)' [-Wbuiltin-declaration-mismatch]
   77 | char floor ();
      |      ^~~~~
conftest.c:1:1: note: 'floor' is declared in header '<math.h>'
    1 | /* confdefs.h */
/usr/bin/ld: /tmp/cchbMS3d.o: in function `main':
/home/adrien/EPITA/C/i3fork/i3lock-PIEscaped/build/conftest.c:81: undefined reference to `floor'
collect2: error: ld returned 1 exit status
configure:6447: $? = 1
configure: failed program was:
| /* confdefs.h */
| #define PACKAGE_NAME "i3lock"
| #define PACKAGE_TARNAME "i3lock"
| #define PACKAGE_VERSION "2.10"
| #define PACKAGE_STRING "i3lock 2.10"
| #define PACKAGE_BUGREPORT "https://github.com/i3/i3lock/issues"
| #define PACKAGE_URL ""
| #define PACKAGE "i3lock"
| #define VERSION "2.10"
| #define I3LOCK_VERSION "2.8-127-g8ae4906 (2019-11-16, branch \"master\")"
| #define HAVE_STDIO_H 1
| #define HAVE_STDLIB_H 1
| #define HAVE_STRING_H 1
| #define HAVE_INTTYPES_H 1
| #define HAVE_STDINT_H 1
| #define HAVE_STRINGS_H 1
| #define HAVE_SYS_STAT_H 1
| #define HAVE_SYS_TYPES_H 1
| #define HAVE_UNISTD_H 1
| #define HAVE_WCHAR_H 1
| #define STDC_HEADERS 1
| #define _ALL_SOURCE 1
| #define _DARWIN_C_SOURCE 1
| #define _GNU_SOURCE 1
| #define _HPUX_ALT_XOPEN_SOCKET_API 1
| #define _NETBSD_SOURCE 1
| #define _OPENBSD_SOURCE 1
| #define _POSIX_PTHREAD_SEMANTICS 1
| #define __STDC_WANT_IEC_60559_ATTRIBS_EXT__ 1
| #define __STDC_WANT_IEC_60559_BFP_EXT__ 1
| #define __STDC_WANT_IEC_60559_DFP_EXT__ 1
| #define __STDC_WANT_IEC_60559_FUNCS_EXT__ 1
| #define __STDC_WANT_IEC_60559_TYPES_EXT__ 1
| #define __STDC_WANT_LIB_EXT2__ 1
| #define __STDC_WANT_MATH_SPEC_FUNCS__ 1
| #define _TANDEM_SOURCE 1
| #define __EXTENSIONS__ 1
| #define HAVE__BOOL 1
| #define HAVE_MODE_T 1
| #define HAVE_OFF_T 1
| #define HAVE_PID_T 1
| #define HAVE_SIZE_T 1
| #define HAVE_SSIZE_T 1
| #define HAVE_FORK 1
| #define HAVE_VFORK 1
| #define HAVE_WORKING_VFORK 1
| #define HAVE_WORKING_FORK 1
| #define LSTAT_FOLLOWS_SLASHED_SYMLINK 1
| #define HAVE_ATEXIT 1
| #define HAVE_DUP2 1
| #define HAVE_FTRUNCATE 1
| #define HAVE_GETCWD 1
| #define HAVE_GETTIMEOFDAY 1
| #define HAVE_LOCALTIME_R 1
| #define HAVE_MEMCHR 1
| #define HAVE_MEMSET 1
| #define HAVE_MKDIR 1
| #define HAVE_RMDIR 1
| #define HAVE_SETLOCALE 1
| #define HAVE_SOCKET 1
| #define HAVE_STRCASECMP 1
| #define HAVE_STRCHR 1
| #define HAVE_STRDUP 1
| #define HAVE_STRERROR 1
| #define HAVE_STRNCASECMP 1
| #define HAVE_STRNDUP 1
| #define HAVE_STRRCHR 1
| #define HAVE_STRSPN 1
| #define HAVE_STRSTR 1
| #define HAVE_STRTOL 1
| #define HAVE_STRTOUL 1
| /* end confdefs.h.  */
| 
| /* Override any GCC internal prototype to avoid an error.
|    Use char because int might match the return type of a GCC
|    builtin and then its argument prototype would still apply.  */
| char floor ();
| int
| main (void)
| {
| return floor ();
|   ;
|   return 0;
| }
configure:6447: gcc -o conftest  -g -O0   conftest.c -lm   >&5
conftest.c:77:6: warning: conflicting types for built-in function 'floor'; expected 'double(double)' [-Wbuiltin-declaration-mismatch]
   77 | char floor ();
      |      ^~~~~
conftest.c:1:1: note: 'floor' is declared in header '<math.h>'
    1 | /* confdefs.h */
configure:6447: $? = 0
configure:6467: result: -lm
configure:6483: checking for library containing ev_run
configure:6513: gcc -o conftest  -g -O0   conftest.c -lm  >&5
/usr/bin/ld: /tmp/cch2OnTE.o: in function `main':
/home/adrien/EPITA/C/i3fork/i3lock-PIEscaped/build/conftest.c:81: undefined reference to `ev_run'
collect2: error: ld returned 1 exit status
configure:6513: $? = 1
configure: failed program was:
| /* confdefs.h */
| #define PACKAGE_NAME "i3lock"
| #define PACKAGE_TARNAME "i3lock"
| #define PACKAGE_VERSION "2.10"
| #define PACKAGE_STRING "i3lock 2.10"
| #define PACKAGE_BUGREPORT "https://github.com/i3/i3lock/issues"
| #define PACKAGE_URL ""
| #define PACKAGE "i3lock"
| #define VERSION "2.10"
| #define I3LOCK_VERSION "2.8-127-g8ae4906 (2019-11-16, branch \"master\")"
| #define HAVE_STDIO_H 1
| #define HAVE_STDLIB_H 1
| #define HAVE_STRING_H 1
| #define HAVE_INTTYPES_H 1
| #define HAVE_STDINT_H 1
| #define HAVE_STRINGS_H 1
| #define HAVE_SYS_STAT_H 1
| #define HAVE_SYS_TYPES_H 1
| #define HAVE_UNISTD_H 1
| #define HAVE_WCHAR_H 1
| #define STDC_HEADERS 1
| #define _ALL_SOURCE 1
| #define _DARWIN_C_SOURCE 1
| #define _GNU_SOURCE 1
| #define _HPUX_ALT_XOPEN_SOCKET_API 1
| #define _NETBSD_SOURCE 1
| #define _OPENBSD_SOURCE 1
| #define _POSIX_PTHREAD_SEMANTICS 1
| #define __STDC_WANT_IEC_60559_ATTRIBS_EXT__ 1
| #define __STDC_WANT_IEC_60559_BFP_EXT__ 1
| #define __STDC_WANT_IEC_60559_DFP_EXT__ 1
| #define __STDC_WANT_IEC_60559_FUNCS_EXT__ 1
| #define __STDC_WANT_IEC_60559_TYPES_EXT__ 1
| #define __STDC_WANT_LIB_EXT2__ 1
| #define __STDC_WANT_MATH_SPEC_FUNCS__ 1
| #define _TANDEM_SOURCE 1
| #define __EXTENSIONS__ 1
| #define HAVE__BOOL 1
| #define HAVE_MODE_T 1
| #define HAVE_OFF_T 1
| #define HAVE_PID_T 1
| #define HAVE_SIZE_T 1
| #define HAVE_SSIZE_T 1
| #define HAVE_FORK 1
| #define HAVE_VFORK 1
| #define HAVE_WORKING_VFORK 1
| #define HAVE_WORKING_FORK 1
| #define LSTAT_FOLLOWS_SLASHED_SYMLINK 1
| #define HAVE_ATEXIT 1
| #define HAVE_DUP2 1
| #define HAVE_FTRUNCATE 1
| #define HAVE_GETCWD 1
| #define HAVE_GETTIMEOFDAY 1
| #define HAVE_LOCALTIME_R 1
| #define HAVE_MEMCHR 1
| #define HAVE_MEMSET 1
| #define HAVE_MKDIR 1
| #define HAVE_RMDIR 1
| #define HAVE_SETLOCALE 1
| #define HAVE_SOCKET 1
| #define HAVE_STRCASECMP 1
| #define HAVE_STRCHR 1
| #define HAVE_STRDUP 1
| #define HAVE_STRERROR 1
| #define HAVE_STRNCASECMP 1
| #define HAVE_STRNDUP 1
| #define HAVE_STRRCHR 1
| #define HAVE_STRSPN 1
| #define HAVE_STRSTR 1
| #define HAVE_STRTOL 1
| #define HAVE_STRTOUL 1
| /* end confdefs.h.  */
| 
| /* Override any GCC internal prototype to avoid an error.
|    Use char because int might match the return type of a GCC
|    builtin and then its argument prototype would still apply.  */
| char ev_run ();
| int
| main (void)
| {
| return ev_run ();
|   ;
|   return 0;
| }
configure:6513: gcc -o conftest  -g -O0   conftest.c -lev  -lm  >&5
configure:6513: $? = 0
configure:6533: result: -lev
configure:6548: checking for library containing shm_open
configure:6578: gcc -o conftest  -g -O0   conftest.c -lev -lm  >&5
/usr/bin/ld: /tmp/cckYwSW8.o: in function `main':
/home/adrien/EPITA/C/i3fork/i3lock-PIEscaped/build/conftest.c:81: undefined reference to `shm_open'
collect2: error: ld returned 1 exit status
configure:6578: $? = 1
configure: failed program was:
| /* confdefs.h */
| #define PACKAGE_NAME "i3lock"
| #define PACKAGE_TARNAME "i3lock"
| #define PACKAGE_VERSION "2.10"
| #define PACKAGE_STRING "i3lock 2.10"
| #define PACKAGE_BUGREPORT "https://github.com/i3/i3lock/issues"
| #define PACKAGE_URL ""
| #define PACKAGE "i3lock"
| #define VERSION "2.10"
| #define I3LOCK_VERSION "2.8-127-g8ae4906 (2019-11-16, branch \"master\")"
| #define HAVE_STDIO_H 1
| #define HAVE_STDLIB_H 1
| #define HAVE_STRING_H 1
| #define HAVE_INTTYPES_H 1
| #define HAVE_STDINT_H 1
| #define HAVE_STRINGS_H 1
| #define HAVE_SYS_STAT_H 1
| #define HAVE_SYS_TYPES_H 1
| #define HAVE_UNISTD_H 1
| #define HAVE_WCHAR_H 1
| #define STDC_HEADERS 1
| #define _ALL_SOURCE 1
| #define _DARWIN_C_SOURCE 1
| #define _GNU_SOURCE 1
| #define _HPUX_ALT_XOPEN_SOCKET_API 1
| #define _NETBSD_SOURCE 1
| #define _OPENBSD_SOURCE 1
| #define _POSIX_PTHREAD_SEMANTICS 1
| #define __STDC_WANT_IEC_60559_ATTRIBS_EXT__ 1
| #define __STDC_WANT_IEC_60559_BFP_EXT__ 1
| #define __STDC_WANT_IEC_60559_DFP_EXT__ 1
| #define __STDC_WANT_IEC_60559_FUNCS_EXT__ 1
| #define __STDC_WANT_IEC_60559_TYPES_EXT__ 1
| #define __STDC_WANT_LIB_EXT2__ 1
| #define __STDC_WANT_MATH_SPEC_FUNCS__ 1
| #define _TANDEM_SOURCE 1
| #define __EXTENSIONS__ 1
| #define HAVE__BOOL 1
| #define HAVE_MODE_T 1
| #define HAVE_OFF_T 1
| #define HAVE_PID_T 1
| #define HAVE_SIZE_T 1
| #define HAVE_SSIZE_T 1
| #define HAVE_FORK 1
| #define HAVE_VFORK 1
| #define HAVE_WORKING_VFORK 1
| #define HAVE_WORKING_FORK 1
| #define LSTAT_FOLLOWS_SLASHED_SYMLINK 1
| #define HAVE_ATEXIT 1
| #define HAVE_DUP2 1
| #define HAVE_FTRUNCATE 1
| #define HAVE_GETCWD 1
| #define HAVE_GETTIMEOFDAY 1
| #define HAVE_LOCALTIME_R 1
| #define HAVE_MEMCHR 1
| #define HAVE_MEMSET 1
| #define HAVE_MKDIR 1
| #define HAVE_RMDIR 1
| #define HAVE_SETLOCALE 1
| #define HAVE_SOCKET 1
| #define HAVE_STRCASECMP 1
| #define HAVE_STRCHR 1
| #define HAVE_STRDUP 1
| #define HAVE_STRERROR 1
| #define HAVE_STRNCASECMP 1
| #define HAVE_STRNDUP 1
| #define HAVE_STRRCHR 1
| #define HAVE_STRSPN 1
| #define HAVE_STRSTR 1
| #define HAVE_STRTOL 1
| #define HAVE_STRTOUL 1
| /* end confdefs.h.  */
| 
| /* Override any GCC internal prototype to avoid an error.
|    Use char because int might match the return type of a GCC
|    builtin and then its argument prototype would still apply.  */
| char shm_open ();
| int
| main (void)
| {
| return shm_open ();
|   ;
|   return 0;
| }
configure:6578: gcc -o conftest  -g -O0   conftest.c -lrt  -lev -lm  >&5
configure:6578: $? = 0
configure:6598: result: -lrt
configure:6614: checking for library containing pam_authenticate
configure:6644: gcc -o conftest  -g -O0   conftest.c -lrt -lev -lm  >&5
/usr/bin/ld: /tmp/ccoH6Ueq.o: in function `main':
/home/adrien/EPITA/C/i3fork/i3lock-PIEscaped/build/conftest.c:81: undefined reference to `pam_authenticate'
collect2: error: ld returned 1 exit status
configure:6644: $? = 1
configure: failed program was:
| /* confdefs.h */
| #define PACKAGE_NAME "i3lock"
| #define PACKAGE_TARNAME "i3lock"
| #define PACKAGE_VERSION "2.10"
| #define PACKAGE_STRING "i3lock 2.10"
| #define PACKAGE_BUGREPORT "https://github.com/i3/i3lock/issues"
| #define PACKAGE_URL ""
| #define PACKAGE "i3lock"
| #define VERSION "2.10"
| #define I3LOCK_VERSION "2.8-127-g8ae4906 (2019-11-16, branch \"master\")"
| #define HAVE_STDIO_H 1
| #define HAVE_STDLIB_H 1
| #define HAVE_STRING_H 1
| #define HAVE_INTTYPES_H 1
| #define HAVE_STDINT_H 1
| #define HAVE_STRINGS_H 1
| #define HAVE_SYS_STAT_H 1
| #define HAVE_SYS_TYPES_H 1
| #define HAVE_UNISTD_H 1
| #define HAVE_WCHAR_H 1
| #define STDC_HEADERS 1
| #define _ALL_SOURCE 1
| #define _DARWIN_C_SOURCE 1
| #define _GNU_SOURCE 1
| #define _HPUX_ALT_XOPEN_SOCKET_API 1
| #define _NETBSD_SOURCE 1
| #define _OPENBSD_SOURCE 1
| #define _POSIX_PTHREAD_SEMANTICS 1
| #define __STDC_WANT_IEC_60559_ATTRIBS_EXT__ 1
| #define __STDC_WANT_IEC_60559_BFP_EXT__ 1
| #define __STDC_WANT_IEC_60559_DFP_EXT__ 1
| #define __STDC_WANT_IEC_60559_FUNCS_EXT__ 1
| #define __STDC_WANT_IEC_60559_TYPES_EXT__ 1
| #define __STDC_WANT_LIB_EXT2__ 1
| #define __STDC_WANT_MATH_SPEC_FUNCS__ 1
| #define _TANDEM_SOURCE 1
| #define __EXTENSIONS__ 1
| #define HAVE__BOOL 1
| #define HAVE_MODE_T 1
| #define HAVE_OFF_T 1
| #define HAVE_PID_T 1
| #define HAVE_SIZE_T 1
| #define HAVE_SSIZE_T 1
| #define HAVE_FORK 1
| #define HAVE_VFORK 1
| #define HAVE_WORKING_VFORK 1
| #define HAVE_WORKING_FORK 1
| #define LSTAT_FOLLOWS_SLASHED_SYMLINK 1
| #define HAVE_ATEXIT 1
| #define HAVE_DUP2 1
| #define HAVE_FTRUNCATE 1
| #define HAVE_GETCWD 1
| #define HAVE_GETTIMEOFDAY 1
| #define HAVE_LOCALTIME_R 1
| #define HAVE_MEMCHR 1
| #define HAVE_MEMSET 1
| #define HAVE_MKDIR 1
| #define HAVE_RMDIR 1
| #define HAVE_SETLOCALE 1
| #define HAVE_SOCKET 1
| #define HAVE_STRCASECMP 1
| #define HAVE_STRCHR 1
| #define HAVE_STRDUP 1
| #define HAVE_STRERROR 1
| #define HAVE_STRNCASECMP 1
| #define HAVE_STRNDUP 1
| #define HAVE_STRRCHR 1
| #define HAVE_STRSPN 1
| #define HAVE_STRSTR 1
| #define HAVE_STRTOL 1
| #define HAVE_STRTOUL 1
| /* end confdefs.h.  */
| 
| /* Override any GCC internal prototype to avoid an error.
|    Use char because int might match the return type of a GCC
|    builtin and then its argument prototype would still apply.  */
| char pam_authenticate ();
| int
| main (void)
| {
| return pam_authenticate ();
|   ;
|   return 0;
| }
configure:6644: gcc -o conftest  -g -O0   conftest.c -lpam  -lrt -lev -lm  >&5
configure:6644: $? = 0
configure:6664: result: -lpam
configure:6676: checking for library containing iconv_open
configure:6706: gcc -o conftest  -g -O0   conftest.c -lpam -lrt -lev -lm  >&5
configure:6706: $? = 0
configure:6726: result: none required
configure:6800: checking for pkg-config
configure:6823: found /usr/bin/pkg-config
configure:6835: result: /usr/bin/pkg-config
configure:6860: checking pkg-config is at least version 0.9.0
configure:6863: result: yes
configure:6873: checking for XCB
configure:6880: $PKG_CONFIG --exists --print-errors "xcb xcb-xkb xcb-xinerama xcb-randr"
configure:6883: $? = 0
configure:6897: $PKG_CONFIG --exists --print-errors "xcb xcb-xkb xcb-xinerama xcb-randr"
configure:6900: $? = 0
configure:6958: result: yes
configure:6964: checking for XCB_IMAGE
configure:6971: $PKG_CONFIG --exists --print-errors "xcb-image"
configure:6974: $? = 0
configure:6988: $PKG_CONFIG --exists --print-errors "xcb-image"
configure:6991: $? = 0
configure:7049: result: yes
configure:7055: checking for XCB_UTIL
configure:7062: $PKG_CONFIG --exists --print-errors "xcb-event xcb-util xcb-atom"
configure:7065: $? = 0
configure:7079: $PKG_CONFIG --exists --print-errors "xcb-event xcb-util xcb-atom"
configure:7082: $? = 0
configure:7140: result: yes
configure:7146: checking for XCB_UTIL_XRM
configure:7153: $PKG_CONFIG --exists --print-errors "xcb-xrm"
configure:7156: $? = 0
configure:7170: $PKG_CONFIG --exists --print-errors "xcb-xrm"
configure:7173: $? = 0
configure:7231: result: yes
configure:7237: checking for XKBCOMMON
configure:7244: $PKG_CONFIG --exists --print-errors "xkbcommon xkbcommon-x11"
configure:7247: $? = 0
configure:7261: $PKG_CONFIG --exists --print-errors "xkbcommon xkbcommon-x11"
configure:7264: $? = 0
configure:7322: result: yes
configure:7328: checking for CAIRO
configure:7335: $PKG_CONFIG --exists --print-errors "cairo"
configure:7338: $? = 0
configure:7352: $PKG_CONFIG --exists --print-errors "cairo"
configure:7355: $? = 0
configure:7413: result: yes
configure:7419: checking for SYSTEMD
configure:7426: $PKG_CONFIG --exists --print-errors "libsystemd >= 221"
configure:7429: $? = 0
configure:7443: $PKG_CONFIG --exists --print-errors "libsystemd >= 221"
configure:7446: $? = 0
configure:7504: result: yes
configure:7514: checking for gawk
configure:7546: result: gawk
configure:7562: checking how to run the C preprocessor
configure:7588: gcc -E  conftest.c
configure:7588: $? = 0
configure:7603: gcc -E  conftest.c
conftest.c:73:10: fatal error: ac_nonexistent.h: No such file or directory
   73 | #include <ac_nonexistent.h>
      |          ^~~~~~~~~~~~~~~~~~
compilation terminated.
configure:7603: $? = 1
configure: failed program was:
| /* confdefs.h */
| #define PACKAGE_NAME "i3lock"
| #define PACKAGE_TARNAME "i3lock"
| #define PACKAGE_VERSION "2.10"
| #define PACKAGE_STRING "i3lock 2.10"
| #define PACKAGE_BUGREPORT "https://github.com/i3/i3lock/issues"
| #define PACKAGE_URL ""
| #define PACKAGE "i3lock"
| #define VERSION "2.10"
| #define I3LOCK_VERSION "2.8-127-g8ae4906 (2019-11-16, branch \"master\")"
| #define HAVE_STDIO_H 1
| #define HAVE_STDLIB_H 1
| #define HAVE_STRING_H 1
| #define HAVE_INTTYPES_H 1
| #define HAVE_STDINT_H 1
| #define HAVE_STRINGS_H 1
| #define HAVE_SYS_STAT_H 1
| #define HAVE_SYS_TYPES_H 1
| #define HAVE_UNISTD_H 1
| #define HAVE_WCHAR_H 1
| #define STDC_HEADERS 1
| #define _ALL_SOURCE 1
| #define _DARWIN_C_SOURCE 1
| #define _GNU_SOURCE 1
| #define _HPUX_ALT_XOPEN_SOCKET_API 1
| #define _NETBSD_SOURCE 1
| #define _OPENBSD_SOURCE 1
| #define _POSIX_PTHREAD_SEMANTICS 1
| #define __STDC_WANT_IEC_60559_ATTRIBS_EXT__ 1
| #define __STDC_WANT_IEC_60559_BFP_EXT__ 1
| #define __STDC_WANT_IEC_60559_DFP_EXT__ 1
| #define __STDC_WANT_IEC_60559_FUNCS_EXT__ 1
| #define __STDC_WANT_IEC_60559_TYPES_EXT__ 1
| #define __STDC_WANT_LIB_EXT2__ 1
| #define __STDC_WANT_MATH_SPEC_FUNCS__ 1
| #define _TANDEM_SOURCE 1
| #define __EXTENSIONS__ 1
| #define HAVE__BOOL 1
| #define HAVE_MODE_T 1
| #define HAVE_OFF_T 1
| #define HAVE_PID_T 1
| #define HAVE_SIZE_T 1
| #define HAVE_SSIZE_T 1
| #define HAVE_FORK 1
| #define HAVE_VFORK 1
| #define HAVE_WORKING_VFORK 1
| #define HAVE_WORKING_FORK 1
| #define LSTAT_FOLLOWS_SLASHED_SYMLINK 1
| #define HAVE_ATEXIT 1
| #define HAVE_DUP2 1
| #define HAVE_FTRUNCATE 1
| #define HAVE_GETCWD 1
| #define HAVE_GETTIMEOFDAY 1
| #define HAVE_LOCALTIME_R 1
| #define HAVE_MEMCHR 1
| #define HAVE_MEMSET 1
| #define HAVE_MKDIR 1
| #define HAVE_RMDIR 1
| #define HAVE_SETLOCALE 1
| #define HAVE_SOCKET 1
| #define HAVE_STRCASECMP 1
| #define HAVE_STRCHR 1
| #define HAVE_STRDUP 1
| #define HAVE_STRERROR 1
| #define HAVE_STRNCASECMP 1
| #define HAVE_STRNDUP 1
| #define HAVE_STRRCHR 1
| #define HAVE_STRSPN 1
| #define HAVE_STRSTR 1
| #define HAVE_STRTOL 1
| #define HAVE_STRTOUL 1
| /* end confdefs.h.  */
| #include <ac_nonexistent.h>
configure:7630: result: gcc -E
configure:7644: gcc -E  conftest.c
configure:7644: $? = 0
configure:7659: gcc -E  conftest.c
conftest.c:73:10: fatal error: ac_nonexistent.h: No such file or directory
   73 | #include <ac_nonexistent.h>
      |          ^~~~~~~~~~~~~~~~~~
compilation terminated.
configure:7659: $? = 1
configure: failed program was:
| /* confdefs.h */
| #define PACKAGE_NAME "i3lock"
| #define PACKAGE_TARNAME "i3lock"
| #define PACKAGE_VERSION "2.10"
| #define PACKAGE_STRING "i3lock 2.10"
| #define PACKAGE_BUGREPORT "https://github.com/i3/i3lock/issues"
| #define PACKAGE_URL ""
| #define PACKAGE "i3lock"
| #define VERSION "2.10"
| #define I3LOCK_VERSION "2.8-127-g8ae4906 (2019-11-16, branch \"master\")"
| #define HAVE_STDIO_H 1
| #define HAVE_STDLIB_H 1
| #define HAVE_STRING_H 1
| #define HAVE_INTTYPES_H 1
| #define HAVE_STDINT_H 1
| #define HAVE_STRINGS_H 1
| #define HAVE_SYS_STAT_H 1
| #define HAVE_SYS_TYPES_H 1
| #define HAVE_UNISTD_H 1
| #define HAVE_WCHAR_H 1
| #define STDC_HEADERS 1
| #define _ALL_SOURCE 1
| #define _DARWIN_C_SOURCE 1
| #define _GNU_SOURCE 1
| #define _HPUX_ALT_XOPEN_SOCKET_API 1
| #define _NETBSD_SOURCE 1
| #define _OPENBSD_SOURCE 1
| #define _POSIX_PTHREAD_SEMANTICS 1
| #define __STDC_WANT_IEC_60559_ATTRIBS_EXT__ 1
| #define __STDC_WANT_IEC_60559_BFP_EXT__ 1
| #define __STDC_WANT_IEC_60559_DFP_EXT__ 1
| #define __STDC_WANT_IEC_60559_FUNCS_EXT__ 1
| #define __STDC_WANT_IEC_60559_TYPES_EXT__ 1
| #define __STDC_WANT_LIB_EXT2__ 1
| #define __STDC_WANT_MATH_SPEC_FUNCS__ 1
| #define _TANDEM_SOURCE 1
| #define __EXTENSIONS__ 1
| #define HAVE__BOOL 1
| #define HAVE_MODE_T 1
| #define HAVE_OFF_T 1
| #define HAVE_PID_T 1
| #define HAVE_SIZE_T 1
| #define HAVE_SSIZE_T 1
| #define HAVE_FORK 1
| #define HAVE_VFORK 1
| #define HAVE_WORKING_VFORK 1
| #define HAVE_WORKING_FORK 1
| #define LSTAT_FOLLOWS_SLASHED_SYMLINK 1
| #define HAVE_ATEXIT 1
| #define HAVE_DUP2 1
| #define HAVE_FTRUNCATE 1
| #define HAVE_GETCWD 1
| #define HAVE_GETTIMEOFDAY 1
| #define HAVE_LOCALTIME_R 1
| #define HAVE_MEMCHR 1
| #define HAVE_MEMSET 1
| #define HAVE_MKDIR 1
| #define HAVE_RMDIR 1
| #define HAVE_SETLOCALE 1
| #define HAVE_SOCKET 1
| #define HAVE_STRCASECMP 1
| #define HAVE_STRCHR 1
| #define HAVE_STRDUP 1
| #define HAVE_STRERROR 1
| #define HAVE_STRNCASECMP 1
| #define HAVE_STRNDUP 1
| #define HAVE_STRRCHR 1
| #define HAVE_STRSPN 1
| #define HAVE_STRSTR 1
| #define HAVE_STRTOL 1
| #define HAVE_STRTOUL 1
| /* end confdefs.h.  */
| #include <ac_nonexistent.h>
configure:7690: checking whether make sets $(MAKE)
configure:7713: result: yes
configure:7770: checking for ranlib
configure:7791: found /usr/bin/ranlib
configure:7802: result: ranlib
configure:7824: checking whether ln -s works
configure:7828: result: yes
configure:7891: checking for ar
configure:7912: found /usr/bin/ar
configure:7923: result: ar
configure:7949: checking the archiver (ar) interface
configure:7966: gcc -c  -g -O0  conftest.c >&5
configure:7966: $? = 0
configure:7969: ar cru libconftest.a conftest.o >&5
ar: `u' modifier ignored since `D' is the default (see `U')
configure:7972: $? = 0
configure:8000: result: ar
configure:8021: checking CFLAGS for maximum warnings
configure:8042: gcc -c  -g -O0 -warn all  -warn all  conftest.c >&5
gcc: error: unrecognized command-line option '-warn'; did you mean '--warn-'?
gcc: error: unrecognized command-line option '-warn'; did you mean '--warn-'?
configure:8042: $? = 1
configure: failed program was:
| /* confdefs.h */
| #define PACKAGE_NAME "i3lock"
| #define PACKAGE_TARNAME "i3lock"
| #define PACKAGE_VERSION "2.10"
| #define PACKAGE_STRING "i3lock 2.10"
| #define PACKAGE_BUGREPORT "https://github.com/i3/i3lock/issues"
| #define PACKAGE_URL ""
| #define PACKAGE "i3lock"
| #define VERSION "2.10"
| #define I3LOCK_VERSION "2.8-127-g8ae4906 (2019-11-16, branch \"master\")"
| #define HAVE_STDIO_H 1
| #define HAVE_STDLIB_H 1
| #define HAVE_STRING_H 1
| #define HAVE_INTTYPES_H 1
| #define HAVE_STDINT_H 1
| #define HAVE_STRINGS_H 1
| #define HAVE_SYS_STAT_H 1
| #define HAVE_SYS_TYPES_H 1
| #define HAVE_UNISTD_H 1
| #define HAVE_WCHAR_H 1
| #define STDC_HEADERS 1
| #define _ALL_SOURCE 1
| #define _DARWIN_C_SOURCE 1
| #define _GNU_SOURCE 1
| #define _HPUX_ALT_XOPEN_SOCKET_API 1
| #define _NETBSD_SOURCE 1
| #define _OPENBSD_SOURCE 1
| #define _POSIX_PTHREAD_SEMANTICS 1
| #define __STDC_WANT_IEC_60559_ATTRIBS_EXT__ 1
| #define __STDC_WANT_IEC_60559_BFP_EXT__ 1
| #define __STDC_WANT_IEC_60559_DFP_EXT__ 1
| #define __STDC_WANT_IEC_60559_FUNCS_EXT__ 1
| #define __STDC_WANT_IEC_60559_TYPES_EXT__ 1
| #define __STDC_WANT_LIB_EXT2__ 1
| #define __STDC_WANT_MATH_SPEC_FUNCS__ 1
| #define _TANDEM_SOURCE 1
| #define __EXTENSIONS__ 1
| #define HAVE__BOOL 1
| #define HAVE_MODE_T 1
| #define HAVE_OFF_T 1
| #define HAVE_PID_T 1
| #define HAVE_SIZE_T 1
| #define HAVE_SSIZE_T 1
| #define HAVE_FORK 1
| #define HAVE_VFORK 1
| #define HAVE_WORKING_VFORK 1
| #define HAVE_WORKING_FORK 1
| #define LSTAT_FOLLOWS_SLASHED_SYMLINK 1
| #define HAVE_ATEXIT 1
| #define HAVE_DUP2 1
| #define HAVE_FTRUNCATE 1
| #define HAVE_GETCWD 1
| #define HAVE_GETTIMEOFDAY 1
| #define HAVE_LOCALTIME_R 1
| #define HAVE_MEMCHR 1
| #define HAVE_MEMSET 1
| #define HAVE_MKDIR 1
| #define HAVE_RMDIR 1
| #define HAVE_SETLOCALE 1
| #define HAVE_SOCKET 1
| #define HAVE_STRCASECMP 1
| #define HAVE_STRCHR 1
| #define HAVE_STRDUP 1
| #define HAVE_STRERROR 1
| #define HAVE_STRNCASECMP 1
| #define HAVE_STRNDUP 1
| #define HAVE_STRRCHR 1
| #define HAVE_STRSPN 1
| #define HAVE_STRSTR 1
| #define HAVE_STRTOL 1
| #define HAVE_STRTOUL 1
| /* end confdefs.h.  */
| 
| int
| main (void)
| {
| 
|   ;
|   return 0;
| }
configure:8042: gcc -c  -g -O0 -pedantic  -Wall  conftest.c >&5
configure:8042: $? = 0
configure:8051: result: -Wall
configure:8072: : CFLAGS="$CFLAGS"
configure:8075: $? = 0
configure:8093: checking whether C compiler accepts -Wunused-value
configure:8113: gcc -c  -g -O0 -Wall  -Wunused-value  conftest.c >&5
configure:8113: $? = 0
configure:8122: result: yes
configure:8151: : AM_CFLAGS="$AM_CFLAGS"
configure:8154: $? = 0
configure:8169: checking for fcntl.h
configure:8169: gcc -c  -g -O0 -Wall  conftest.c >&5
configure:8169: $? = 0
configure:8169: result: yes
configure:8169: checking for float.h
configure:8169: gcc -c  -g -O0 -Wall  conftest.c >&5
configure:8169: $? = 0
configure:8169: result: yes
configure:8169: checking for inttypes.h
configure:8169: result: yes
configure:8169: checking for limits.h
configure:8169: gcc -c  -g -O0 -Wall  conftest.c >&5
configure:8169: $? = 0
configure:8169: result: yes
configure:8169: checking for locale.h
configure:8169: gcc -c  -g -O0 -Wall  conftest.c >&5
configure:8169: $? = 0
configure:8169: result: yes
configure:8169: checking for netinet/in.h
configure:8169: gcc -c  -g -O0 -Wall  conftest.c >&5
configure:8169: $? = 0
configure:8169: result: yes
configure:8169: checking for paths.h
configure:8169: gcc -c  -g -O0 -Wall  conftest.c >&5
configure:8169: $? = 0
configure:8169: result: yes
configure:8169: checking for stddef.h
configure:8169: gcc -c  -g -O0 -Wall  conftest.c >&5
configure:8169: $? = 0
configure:8169: result: yes
configure:8169: checking for stdint.h
configure:8169: result: yes
configure:8169: checking for stdlib.h
configure:8169: result: yes
configure:8169: checking for string.h
configure:8169: result: yes
configure:8169: checking for sys/param.h
configure:8169: gcc -c  -g -O0 -Wall  conftest.c >&5
configure:8169: $? = 0
configure:8169: result: yes
configure:8169: checking for sys/socket.h
configure:8169: gcc -c  -g -O0 -Wall  conftest.c >&5
configure:8169: $? = 0
configure:8169: result: yes
configure:8169: checking for sys/time.h
configure:8169: gcc -c  -g -O0 -Wall  conftest.c >&5
configure:8169: $? = 0
configure:8169: result: yes
configure:8169: checking for unistd.h
configure:8169: result: yes
configure:9075: checking that generated files are newer than configure
configure:9081: result: done
configure:9112: creating ./config.status

## ---------------------- ##
## Running config.status. ##
## ---------------------- ##

This file was extended by i3lock config.status 2.10, which was
generated by GNU Autoconf 2.71.  Invocation command line was

  CONFIG_FILES    = 
  CONFIG_HEADERS  = 
  CONFIG_LINKS    = 
  CONFIG_COMMANDS = 
  $ ./config.status 

on adrien-pc

config.status:1098: creating Makefile
config.status:1098: creating config.h
config.status:1264: config.h is unchanged
config.status:1312: executing buildir commands
config.status:1325: skipping top_srcdir/Makefile - not created
config.status:1312: executing depfiles commands
config.status:1533: cd .       && sed -e '/# am--include-marker/d' Makefile         | make -f - am--depfiles
make: Nothing to be done for 'am--depfiles'.
config.status:1538: $? = 0

## ---------------- ##
## Cache variables. ##
## ---------------- ##

_cv_gnu_make_command=make
ac_cv_build=x86_64-pc-linux-gnu
ac_cv_c_compiler_gnu=yes
ac_cv_cflags_warn_all=-Wall
ac_cv_env_CAIRO_CFLAGS_set=
ac_cv_env_CAIRO_CFLAGS_value=
ac_cv_env_CAIRO_LIBS_set=
ac_cv_env_CAIRO_LIBS_value=
ac_cv_env_CC_set=
ac_cv_env_CC_value=
ac_cv_env_CFLAGS_set=
ac_cv_env_CFLAGS_value=
ac_cv_env_CPPFLAGS_set=
ac_cv_env_CPPFLAGS_value=
ac_cv_env_CPP_set=
ac_cv_env_CPP_value=
ac_cv_env_LDFLAGS_set=
ac_cv_env_LDFLAGS_value=
ac_cv_env_LIBS_set=
ac_cv_env_LIBS_value=
ac_cv_env_PKG_CONFIG_LIBDIR_set=
ac_cv_env_PKG_CONFIG_LIBDIR_value=
ac_cv_env_PKG_CONFIG_PATH_set=set
ac_cv_env_PKG_CONFIG_PATH_value=/home/adrien/.opam/default/lib/pkgconfig:
ac_cv_env_PKG_CONFIG_set=
ac_cv_env_PKG_CONFIG_value=
ac_cv_env_SYSTEMD_CFLAGS_set=
ac_cv_env_SYSTEMD_CFLAGS_value=
ac_cv_env_SYSTEMD_LIBS_set=
ac_cv_env_SYSTEMD_LIBS_value=
ac_cv_env_XCB_CFLAGS_set=
ac_cv_env_XCB_CFLAGS_value=
ac_cv_env_XCB_IMAGE_CFLAGS_set=
ac_cv_env_XCB_IMAGE_CFLAGS_value=
ac_cv_env_XCB_IMAGE_LIBS_set=
ac_cv_env_XCB_IMAGE_LIBS_value=
ac_cv_env_XCB_LIBS_set=
ac_cv_env_XCB_LIBS_value=
ac_cv_env_XCB_UTIL_CFLAGS_set=
ac_cv_env_XCB_UTIL_CFLAGS_value=
ac_cv_env_XCB_UTIL_LIBS_set=
ac_cv_env_XCB_UTIL_LIBS_value=
ac_cv_env_XCB_UTIL_XRM_CFLAGS_set=
ac_cv_env_XCB_UTIL_XRM_CFLAGS_value=
ac_cv_env_XCB_UTIL_XRM_LIBS_set=
ac_cv_env_XCB_UTIL_XRM_LIBS_value=
ac_cv_env_XKBCOMMON_CFLAGS_set=
ac_cv_env_XKBCOMMON_CFLAGS_value=
ac_cv_env_XKBCOMMON_LIBS_set=
ac_cv_env_XKBCOMMON_LIBS_value=
ac_cv_env_build_alias_set=
ac_cv_env_build_alias_value=
ac_cv_env_host_alias_set=
ac_cv_env_host_alias_value=
ac_cv_env_target_alias_set=
ac_cv_env_target_alias_value=
ac_cv_func_atexit=yes
ac_cv_func_dup2=yes
ac_cv_func_fork=yes
ac_cv_func_fork_works=yes
ac_cv_func_ftruncate=yes
ac_cv_func_getcwd=yes
ac_cv_func_gettimeofday=yes
ac_cv_func_localtime_r=yes
ac_cv_func_lstat_dereferences_slashed_symlink=yes
ac_cv_func_memchr=yes
ac_cv_func_memset=yes
ac_cv_func_mkdir=yes
ac_cv_func_rmdir=yes
ac_cv_func_setlocale=yes
ac_cv_func_socket=yes
ac_cv_func_strcasecmp=yes
ac_cv_func_strchr=yes
ac_cv_func_strdup=yes
ac_cv_func_strerror=yes
ac_cv_func_strncasecmp=yes
ac_cv_func_strndup=yes
ac_cv_func_strnlen_working=yes
ac_cv_func_strrchr=yes
ac_cv_func_strspn=yes
ac_cv_func_strstr=yes
ac_cv_func_strtol=yes
ac_cv_func_strtoul=yes
ac_cv_func_vfork=yes
ac_cv_func_vfork_works=yes
ac_cv_header_fcntl_h=yes
ac_cv_header_float_h=yes
ac_cv_header_inttypes_h=yes
ac_cv_header_limits_h=yes
ac_cv_header_locale_h=yes
ac_cv_header_minix_config_h=no
ac_cv_header_netinet_in_h=yes
ac_cv_header_paths_h=yes
ac_cv_header_stdbool_h=yes
ac_cv_header_stddef_h=yes
ac_cv_header_stdint_h=yes
ac_cv_header_stdio_h=yes
ac_cv_header_stdlib_h=yes
ac_cv_header_string_h=yes
ac_cv_header_strings_h=yes
ac_cv_header_sys_param_h=yes
ac_cv_header_sys_socket_h=yes
ac_cv_header_sys_stat_h=yes
ac_cv_header_sys_time_h=yes
ac_cv_header_sys_types_h=yes
ac_cv_header_unistd_h=yes
ac_cv_header_vfork_h=no
ac_cv_header_wchar_h=yes
ac_cv_host=x86_64-pc-linux-gnu
ac_cv_objext=o
ac_cv_path_SED=/usr/bin/sed
ac_cv_path_ac_pt_PKG_CONFIG=/usr/bin/pkg-config
ac_cv_path_ax_enable_builddir_sed=sed
ac_cv_path_install='/usr/bin/install -c'
ac_cv_path_mkdir=/usr/bin/mkdir
ac_cv_prog_AWK=gawk
ac_cv_prog_CPP='gcc -E'
ac_cv_prog_ac_ct_AR=ar
ac_cv_prog_ac_ct_CC=gcc
ac_cv_prog_ac_ct_RANLIB=ranlib
ac_cv_prog_cc_c11=
ac_cv_prog_cc_g=yes
ac_cv_prog_cc_stdc=
ac_cv_prog_make_make_set=yes
ac_cv_safe_to_define___extensions__=yes
ac_cv_search_ev_run=-lev
ac_cv_search_floor=-lm
ac_cv_search_iconv_open='none required'
ac_cv_search_pam_authenticate=-lpam
ac_cv_search_shm_open=-lrt
ac_cv_should_define__xopen_source=no
ac_cv_target=x86_64-pc-linux-gnu
ac_cv_type__Bool=yes
ac_cv_type_mode_t=yes
ac_cv_type_off_t=yes
ac_cv_type_pid_t=yes
ac_cv_type_size_t=yes
ac_cv_type_ssize_t=yes
am_cv_CC_dependencies_compiler_type=gcc3
am_cv_ar_interface=ar
am_cv_make_support_nested_variables=yes
am_cv_prog_cc_c_o=yes
ax_cv_check_cflags___Wunused_value=yes
ax_cv_gnu_make_command=make
pkg_cv_CAIRO_CFLAGS='-I/usr/include/cairo -I/usr/include/lzo -I/usr/include/libpng16 -I/usr/include/freetype2 -I/usr/include/harfbuzz -I/usr/include/glib-2.0 -I/usr/lib/glib-2.0/include -I/usr/include/pixman-1 '
pkg_cv_CAIRO_LIBS='-lcairo '
pkg_cv_SYSTEMD_CFLAGS=
pkg_cv_SYSTEMD_LIBS='-lsystemd '
pkg_cv_XCB_CFLAGS=
pkg_cv_XCB_IMAGE_CFLAGS=
pkg_cv_XCB_IMAGE_LIBS='-lxcb-image -lxcb -lxcb-shm '
pkg_cv_XCB_LIBS='-lxcb -lxcb-xkb -lxcb-xinerama -lxcb-randr '
pkg_cv_XCB_UTIL_CFLAGS=
pkg_cv_XCB_UTIL_LIBS='-lxcb-util -lxcb '
pkg_cv_XCB_UTIL_XRM_CFLAGS=
pkg_cv_XCB_UTIL_XRM_LIBS='-lxcb-xrm -lxcb '
pkg_cv_XKBCOMMON_CFLAGS=
pkg_cv_XKBCOMMON_LIBS='-lxkbcommon-x11 -lxkbcommon '

## ----------------- ##
## Output variables. ##
## ----------------- ##











	$(AM_V_at)$(MAKE) $(AM_MAKEFLAGS) code-coverage-capture
	$(code_coverage_v_genhtml)LANG=C $(GENHTML) $(code_coverage_quiet) $(addprefix --prefix ,$(CODE_COVERAGE_DIRECTORY)) --output-directory "$(CODE_COVERAGE_OUTPUT_DIRECTORY)" --title "$(PACKAGE_NAME)-$(PACKAGE_VERSION) Code Coverage" --legend --show-details "$(CODE_COVERAGE_OUTPUT_FILE)" $(CODE_COVERAGE_GENHTML_OPTIONS)
	$(code_coverage_v_lcov_cap)$(LCOV) $(code_coverage_quiet) $(addprefix --directory ,$(CODE_COVERAGE_DIRECTORY)) --capture --output-file "$(CODE_COVERAGE_OUTPUT_FILE).tmp" --test-name "$(call code_coverage_sanitize,$(PACKAGE_NAME)-$(PACKAGE_VERSION))" --no-checksum --compat-libtool $(CODE_COVERAGE_LCOV_SHOPTS) $(CODE_COVERAGE_LCOV_OPTIONS)
	$(code_coverage_v_lcov_ign)$(LCOV) $(code_coverage_quiet) $(addprefix --directory ,$(CODE_COVERAGE_DIRECTORY)) --remove "$(CODE_COVERAGE_OUTPUT_FILE).tmp" "/tmp/*" $(CODE_COVERAGE_IGNORE_PATTERN) --output-file "$(CODE_COVERAGE_OUTPUT_FILE)" $(CODE_COVERAGE_LCOV_SHOPTS) $(CODE_COVERAGE_LCOV_RMOPTS)
	-$(AM_V_at)$(MAKE) $(AM_MAKEFLAGS) -k check
	-$(LCOV) --directory $(top_builddir) -z
	-@rm -f $(CODE_COVERAGE_OUTPUT_FILE).tmp
	-find . -name "*.gcda" -o -name "*.gcov" -delete
	-rm -rf $(CODE_COVERAGE_OUTPUT_FILE) $(CODE_COVERAGE_OUTPUT_FILE).tmp $(CODE_COVERAGE_OUTPUT_DIRECTORY)
	@echo "Need to reconfigure with --enable-code-coverage"
	@echo "Need to reconfigure with --enable-code-coverage"
	@echo "file://$(abs_builddir)/$(CODE_COVERAGE_OUTPUT_DIRECTORY)/index.html"
 $(CODE_COVERAGE_IGNORE_PATTERN);
 $(CODE_COVERAGE_OUTPUT_FILE);
#
#
#    $(PACKAGE_NAME)-$(PACKAGE_VERSION)-coverage)
#    $(PACKAGE_NAME)-$(PACKAGE_VERSION)-coverage.info)
#    (Default: $(top_builddir))
#    (Default: empty)
#    Multiple directories may be specified, separated by whitespace.
#    by lcov for code coverage. (Default:
#    collecting lcov instance. (Default: $CODE_COVERAGE_LCOV_OPTIONS_GCOVPATH)
#    genhtml instance. (Default: based on $CODE_COVERAGE_BRANCH_COVERAGE)
#    instance. (Default: $CODE_COVERAGE_GENHTML_OPTIONS_DEFAULT)
#    instance. (Default: $CODE_COVERAGE_LCOV_OPTIONS_DEFAULT)
#    instance. (Default: $CODE_COVERAGE_LCOV_RMOPTS_DEFAULT)
#    instances. (Default: $CODE_COVERAGE_LCOV_SHOPTS_DEFAULT)
#    instances. (Default: based on $CODE_COVERAGE_BRANCH_COVERAGE)
#    lcov instance. (Default: empty)
#    reports to be created. (Default:
#    set to 0 to disable it and leave empty to stay with the default.
#  - CODE_COVERAGE_BRANCH_COVERAGE: Set to 1 to enforce branch coverage,
#  - CODE_COVERAGE_DIRECTORY: Top-level directory for code coverage reporting.
#  - CODE_COVERAGE_GENHTML_OPTIONS: Extra options to pass to the genhtml
#  - CODE_COVERAGE_GENHTML_OPTIONS_DEFAULT: Extra options to pass to the
#  - CODE_COVERAGE_IGNORE_PATTERN: Extra glob pattern of files to ignore
#  - CODE_COVERAGE_LCOV_OPTIONS: Extra options to pass to the collecting lcov
#  - CODE_COVERAGE_LCOV_OPTIONS_DEFAULT: Extra options to pass to the
#  - CODE_COVERAGE_LCOV_OPTIONS_GCOVPATH: --gcov-tool pathtogcov
#  - CODE_COVERAGE_LCOV_RMOPTS: Extra options to pass to the filtering lcov
#  - CODE_COVERAGE_LCOV_RMOPTS_DEFAULT: Extra options to pass to the filtering
#  - CODE_COVERAGE_LCOV_SHOPTS: Extra options to shared between both lcov
#  - CODE_COVERAGE_LCOV_SHOPTS_DEFAULT: Extra options shared between both lcov
#  - CODE_COVERAGE_OUTPUT_DIRECTORY: Directory for generated code coverage
#  - CODE_COVERAGE_OUTPUT_FILE: Filename and path for the .info file generated
# $(PACKAGE_VERSION). In order to add the current git hash to the title,
# Capture code coverage data
# Code coverage
# Hook rule executed before code-coverage-capture, overridable by the user
# Optional variables
# Optional:
# The generated report will be titled using the $(PACKAGE_NAME) and
# Use recursive makes in order to ignore errors during check
# sanitizes the test-name: replaces with underscores: dashes and dots
# use the git-version-gen script, available online.
$(if $(CODE_COVERAGE_BRANCH_COVERAGE),\
'
--rc genhtml_branch_coverage=$(CODE_COVERAGE_BRANCH_COVERAGE))
--rc lcov_branch_coverage=$(CODE_COVERAGE_BRANCH_COVERAGE))
.PHONY: check-code-coverage code-coverage-capture code-coverage-capture-hook code-coverage-clean
ACLOCAL='${SHELL} '\''/home/adrien/EPITA/C/i3fork/i3lock-PIEscaped/missing'\'' aclocal-1.16'
AMDEPBACKSLASH='\'
AMDEP_FALSE='#'
AMDEP_TRUE=''
AMTAR='$${TAR-tar}'
AM_BACKSLASH='\'
AM_CFLAGS='-Wunused-value'
AM_DEFAULT_V='$(AM_DEFAULT_VERBOSITY)'
AM_DEFAULT_VERBOSITY='0'
AM_DISTCHECK_CONFIGURE_FLAGS += --disable-code-coverage
AM_DISTCHECK_CONFIGURE_FLAGS ?=
AM_V='$(V)'
AR='ar'
AUTOCONF='${SHELL} '\''/home/adrien/EPITA/C/i3fork/i3lock-PIEscaped/missing'\'' autoconf'
AUTOHEADER='${SHELL} '\''/home/adrien/EPITA/C/i3fork/i3lock-PIEscaped/missing'\'' autoheader'
AUTOMAKE='${SHELL} '\''/home/adrien/EPITA/C/i3fork/i3lock-PIEscaped/missing'\'' automake-1.16'
AWK='gawk'
AX_EXTEND_SRCDIR_CPPFLAGS='-DSTRIPPED__FILE__=\"$$(basename $<)\"'
CAIRO_CFLAGS='-I/usr/include/cairo -I/usr/include/lzo -I/usr/include/libpng16 -I/usr/include/freetype2 -I/usr/include/harfbuzz -I/usr/include/glib-2.0 -I/usr/lib/glib-2.0/include -I/usr/include/pixman-1 '
CAIRO_LIBS='-lcairo '
CC='gcc'
CCDEPMODE='depmode=gcc3'
CFLAGS=' -g -O0 -Wall'
CODE_COVERAGE_BRANCH_COVERAGE ?=
CODE_COVERAGE_CFLAGS=''
CODE_COVERAGE_CPPFLAGS=''
CODE_COVERAGE_CXXFLAGS=''
CODE_COVERAGE_DIRECTORY ?= $(top_builddir)
CODE_COVERAGE_ENABLED='no'
CODE_COVERAGE_ENABLED_FALSE=''
CODE_COVERAGE_ENABLED_TRUE='#'
CODE_COVERAGE_GENHTML_OPTIONS ?= $(CODE_COVERAGE_GENHTML_OPTIONS_DEFAULTS)
CODE_COVERAGE_GENHTML_OPTIONS_DEFAULT ?=\
CODE_COVERAGE_IGNORE_PATTERN ?=
CODE_COVERAGE_LCOV_OPTIONS ?= $(CODE_COVERAGE_LCOV_OPTIONS_DEFAULT)
CODE_COVERAGE_LCOV_OPTIONS_DEFAULT ?= $(CODE_COVERAGE_LCOV_OPTIONS_GCOVPATH)
CODE_COVERAGE_LCOV_OPTIONS_GCOVPATH ?= --gcov-tool "$(GCOV)"
CODE_COVERAGE_LCOV_RMOPTS ?= $(CODE_COVERAGE_LCOV_RMOPTS_DEFAULT)
CODE_COVERAGE_LCOV_RMOPTS_DEFAULT ?=
CODE_COVERAGE_LCOV_SHOPTS ?= $(CODE_COVERAGE_LCOV_SHOPTS_DEFAULT)
CODE_COVERAGE_LCOV_SHOPTS_DEFAULT ?= $(if $(CODE_COVERAGE_BRANCH_COVERAGE),\
CODE_COVERAGE_LDFLAGS=''
CODE_COVERAGE_OUTPUT_DIRECTORY ?= $(PACKAGE_NAME)-$(PACKAGE_VERSION)-coverage
CODE_COVERAGE_OUTPUT_FILE ?= $(PACKAGE_NAME)-$(PACKAGE_VERSION)-coverage.info
CODE_COVERAGE_RULES='
CPP='gcc -E'
CPPFLAGS=''
CSCOPE='cscope'
CTAGS='ctags'
CYGPATH_W='echo'
DEFS='-DHAVE_CONFIG_H'
DEPDIR='.deps'
ECHO_C=''
ECHO_N='-n'
ECHO_T=''
ETAGS='etags'
EXEEXT=''
GCOV=''
GENHTML=''
GITIGNOREFILES += $(CODE_COVERAGE_OUTPUT_FILE) $(CODE_COVERAGE_OUTPUT_DIRECTORY)
GITIGNOREFILES ?=
I3LOCK_VERSION='2.8-127-g8ae4906 (2019-11-16, branch \"master\")'
INSTALL_DATA='${INSTALL} -m 644'
INSTALL_PROGRAM='${INSTALL}'
INSTALL_SCRIPT='${INSTALL}'
INSTALL_STRIP_PROGRAM='$(install_sh) -c -s'
LCOV=''
LDFLAGS=''
LIBOBJS=''
LIBS='-lpam -lrt -lev -lm '
LN_S='ln -s'
LTLIBOBJS=''
MAINT=''
MAINTAINER_MODE_FALSE='#'
MAINTAINER_MODE_TRUE=''
MAKEINFO='${SHELL} '\''/home/adrien/EPITA/C/i3fork/i3lock-PIEscaped/missing'\'' makeinfo'
MKDIR_P='/usr/bin/mkdir -p'
OBJEXT='o'
PACKAGE='i3lock'
PACKAGE_BUGREPORT='https://github.com/i3/i3lock/issues'
PACKAGE_NAME='i3lock'
PACKAGE_STRING='i3lock 2.10'
PACKAGE_TARNAME='i3lock'
PACKAGE_URL=''
PACKAGE_VERSION='2.10'
PATH_SEPARATOR=':'
PKG_CONFIG='/usr/bin/pkg-config'
PKG_CONFIG_LIBDIR=''
PKG_CONFIG_PATH='/home/adrien/.opam/default/lib/pkgconfig:'
RANLIB='ranlib'
SED='/usr/bin/sed'
SET_MAKE=''
SHELL='/bin/sh'
STRIP=''
SYSTEMD_CFLAGS=''
SYSTEMD_LIBS='-lsystemd '
VERSION='2.8'
XCB_CFLAGS=''
XCB_IMAGE_CFLAGS=''
XCB_IMAGE_LIBS='-lxcb-image -lxcb -lxcb-shm '
XCB_LIBS='-lxcb -lxcb-xkb -lxcb-xinerama -lxcb-randr '
XCB_UTIL_CFLAGS=''
XCB_UTIL_LIBS='-lxcb-util -lxcb '
XCB_UTIL_XRM_CFLAGS=''
XCB_UTIL_XRM_LIBS='-lxcb-xrm -lxcb '
XKBCOMMON_CFLAGS=''
XKBCOMMON_LIBS='-lxkbcommon-x11 -lxkbcommon '
ac_ct_AR='ar'
ac_ct_CC='gcc'
am__EXEEXT_FALSE=''
am__EXEEXT_TRUE='#'
am__fastdepCC_FALSE='#'
am__fastdepCC_TRUE=''
am__include='include'
am__isrc=' -I$(srcdir)'
am__leading_dot='.'
am__nodep='_no'
am__quote=''
am__tar='$${TAR-tar} chof - "$$tardir"'
am__untar='$${TAR-tar} xf -'
ax_enable_builddir_sed='sed'
bindir='${exec_prefix}/bin'
build='x86_64-pc-linux-gnu'
build_alias=''
build_cpu='x86_64'
build_os='linux-gnu'
build_vendor='pc'
check-code-coverage:
clean: code-coverage-clean
code-coverage-capture-hook:
code-coverage-capture: code-coverage-capture-hook
code-coverage-clean:
code_coverage_quiet = $(code_coverage_quiet_$(V))
code_coverage_quiet_ = $(code_coverage_quiet_$(AM_DEFAULT_VERBOSITY))
code_coverage_quiet_0 = --quiet
code_coverage_sanitize = $(subst -,_,$(subst .,_,$(1)))
code_coverage_v_genhtml = $(code_coverage_v_genhtml_$(V))
code_coverage_v_genhtml_ = $(code_coverage_v_genhtml_$(AM_DEFAULT_VERBOSITY))
code_coverage_v_genhtml_0 = @echo "  GEN   " $(CODE_COVERAGE_OUTPUT_DIRECTORY);
code_coverage_v_lcov_cap = $(code_coverage_v_lcov_cap_$(V))
code_coverage_v_lcov_cap_ = $(code_coverage_v_lcov_cap_$(AM_DEFAULT_VERBOSITY))
code_coverage_v_lcov_cap_0 = @echo "  LCOV   --capture"\
code_coverage_v_lcov_ign = $(code_coverage_v_lcov_ign_$(V))
code_coverage_v_lcov_ign_ = $(code_coverage_v_lcov_ign_$(AM_DEFAULT_VERBOSITY))
code_coverage_v_lcov_ign_0 = @echo "  LCOV   --remove /tmp/*"\
datadir='${datarootdir}'
datarootdir='${prefix}/share'
docdir='${datarootdir}/doc/${PACKAGE_TARNAME}'
dvidir='${docdir}'
else
else
endif
endif
endif
exec_prefix='${prefix}'
host='x86_64-pc-linux-gnu'
host_alias=''
host_cpu='x86_64'
host_os='linux-gnu'
host_vendor='pc'
htmldir='${docdir}'
ifGNUmake=''
ifeq ($(CODE_COVERAGE_ENABLED),yes)
ifeq ($(CODE_COVERAGE_ENABLED),yes)
ifeq ($(CODE_COVERAGE_ENABLED),yes)
includedir='${prefix}/include'
infodir='${datarootdir}/info'
install_sh='${SHELL} /home/adrien/EPITA/C/i3fork/i3lock-PIEscaped/install-sh'
libdir='${exec_prefix}/lib'
libexecdir='${exec_prefix}/libexec'
localedir='${datarootdir}/locale'
localstatedir='${prefix}/var'
mandir='${datarootdir}/man'
mkdir_p='$(MKDIR_P)'
oldincludedir='/usr/include'
pdfdir='${docdir}'
prefix='/usr'
program_transform_name='s,x,x,'
psdir='${docdir}'
runstatedir='${localstatedir}/run'
sbindir='${exec_prefix}/sbin'
sharedstatedir='${prefix}/com'
sysconfdir='/etc'
target='x86_64-pc-linux-gnu'
target_alias=''
target_cpu='x86_64'
target_os='linux-gnu'
target_vendor='pc'

## ----------- ##
## confdefs.h. ##
## ----------- ##

/* confdefs.h */
#define PACKAGE_NAME "i3lock"
#define PACKAGE_TARNAME "i3lock"
#define PACKAGE_VERSION "2.10"
#define PACKAGE_STRING "i3lock 2.10"
#define PACKAGE_BUGREPORT "https://github.com/i3/i3lock/issues"
#define PACKAGE_URL ""
#define PACKAGE "i3lock"
#define VERSION "2.10"
#define I3LOCK_VERSION "2.8-127-g8ae4906 (2019-11-16, branch \"master\")"
#define HAVE_STDIO_H 1
#define HAVE_STDLIB_H 1
#define HAVE_STRING_H 1
#define HAVE_INTTYPES_H 1
#define HAVE_STDINT_H 1
#define HAVE_STRINGS_H 1
#define HAVE_SYS_STAT_H 1
#define HAVE_SYS_TYPES_H 1
#define HAVE_UNISTD_H 1
#define HAVE_WCHAR_H 1
#define STDC_HEADERS 1
#define _ALL_SOURCE 1
#define _DARWIN_C_SOURCE 1
#define _GNU_SOURCE 1
#define _HPUX_ALT_XOPEN_SOCKET_API 1
#define _NETBSD_SOURCE 1
#define _OPENBSD_SOURCE 1
#define _POSIX_PTHREAD_SEMANTICS 1
#define __STDC_WANT_IEC_60559_ATTRIBS_EXT__ 1
#define __STDC_WANT_IEC_60559_BFP_EXT__ 1
#define __STDC_WANT_IEC_60559_DFP_EXT__ 1
#define __STDC_WANT_IEC_60559_FUNCS_EXT__ 1
#define __STDC_WANT_IEC_60559_TYPES_EXT__ 1
#define __STDC_WANT_LIB_EXT2__ 1
#define __STDC_WANT_MATH_SPEC_FUNCS__ 1
#define _TANDEM_SOURCE 1
#define __EXTENSIONS__ 1
#define HAVE__BOOL 1
#define HAVE_MODE_T 1
#define HAVE_OFF_T 1
#define HAVE_PID_T 1
#define HAVE_SIZE_T 1
#define HAVE_SSIZE_T 1
#define HAVE_FORK 1
#define HAVE_VFORK 1
#define HAVE_WORKING_VFORK 1
#define HAVE_WORKING_FORK 1
#define LSTAT_FOLLOWS_SLASHED_SYMLINK 1
#define HAVE_ATEXIT 1
#define HAVE_DUP2 1
#define HAVE_FTRUNCATE 1
#define HAVE_GETCWD 1
#define HAVE_GETTIMEOFDAY 1
#define HAVE_LOCALTIME_R 1
#define HAVE_MEMCHR 1
#define HAVE_MEMSET 1
#define HAVE_MKDIR 1
#define HAVE_RMDIR 1
#define HAVE_SETLOCALE 1
#define HAVE_SOCKET 1
#define HAVE_STRCASECMP 1
#define HAVE_STRCHR 1
#define HAVE_STRDUP 1
#define HAVE_STRERROR 1
#define HAVE_STRNCASECMP 1
#define HAVE_STRNDUP 1
#define HAVE_STRRCHR 1
#define HAVE_STRSPN 1
#define HAVE_STRSTR 1
#define HAVE_STRTOL 1
#define HAVE_STRTOUL 1
#define HAVE_FCNTL_H 1
#define HAVE_FLOAT_H 1
#define HAVE_INTTYPES_H 1
#define HAVE_LIMITS_H 1
#define HAVE_LOCALE_H 1
#define HAVE_NETINET_IN_H 1
#define HAVE_PATHS_H 1
#define HAVE_STDDEF_H 1
#define HAVE_STDINT_H 1
#define HAVE_STDLIB_H 1
#define HAVE_STRING_H 1
#define HAVE_SYS_PARAM_H 1
#define HAVE_SYS_SOCKET_H 1
#define HAVE_SYS_TIME_H 1
#define HAVE_UNISTD_H 1

configure: exit 0
